2026-01-11T16:59:25.821Z [distributed-lock] error: Error during lock acquisition {"key":"lock:test:lock","error":{},"attempt":0}
2026-01-11T16:59:25.879Z [distributed-lock] error: Error during lock acquisition {"key":"lock:test:lock","error":{},"attempt":0}
2026-01-11T16:59:25.882Z [distributed-lock] error: Error during lock acquisition {"key":"lock:test:lock","error":{},"attempt":0}
2026-01-11T16:59:25.885Z [distributed-lock] error: Error during lock acquisition {"key":"lock:test:lock","error":{},"attempt":0}
2026-01-11T16:59:25.888Z [distributed-lock] error: Error during lock acquisition {"key":"lock:test:lock","error":{},"attempt":0}
2026-01-11T16:59:25.891Z [distributed-lock] error: Error during lock acquisition {"key":"lock:test:lock","error":{},"attempt":0}
2026-01-11T16:59:25.894Z [distributed-lock] error: Error during lock acquisition {"key":"lock:concurrent:lock","error":{},"attempt":0}
2026-01-11T16:59:25.940Z [distributed-lock] error: Error during lock acquisition {"key":"lock:service:startup","error":{},"attempt":0}
2026-01-11T16:59:25.944Z [distributed-lock] error: Error during lock acquisition {"key":"lock:service:startup","error":{},"attempt":0}
2026-01-11T16:59:25.950Z [distributed-lock] error: Error during lock acquisition {"key":"lock:opportunity:opp-123","error":{},"attempt":0}
2026-01-11T16:59:25.958Z [distributed-lock] error: Error during lock acquisition {"key":"lock:opportunity:opp-1","error":{},"attempt":0}
2026-01-11T16:59:25.973Z [distributed-lock] error: Error during lock acquisition {"key":"lock:perf:lock:0","error":{},"attempt":0}
2026-01-11T16:59:25.895Z [distributed-lock] error: Error during lock acquisition {"key":"lock:concurrent:lock","error":{},"attempt":0}
2026-01-11T16:59:25.896Z [distributed-lock] error: Error during lock acquisition {"key":"lock:concurrent:lock","error":{},"attempt":0}
2026-01-11T16:59:25.897Z [distributed-lock] error: Error during lock acquisition {"key":"lock:concurrent:lock","error":{},"attempt":0}
2026-01-11T16:59:25.897Z [distributed-lock] error: Error during lock acquisition {"key":"lock:concurrent:lock","error":{},"attempt":0}
2026-01-11T16:59:25.898Z [distributed-lock] error: Error during lock acquisition {"key":"lock:concurrent:lock","error":{},"attempt":0}
2026-01-11T16:59:25.899Z [distributed-lock] error: Error during lock acquisition {"key":"lock:concurrent:lock","error":{},"attempt":0}
2026-01-11T16:59:25.899Z [distributed-lock] error: Error during lock acquisition {"key":"lock:concurrent:lock","error":{},"attempt":0}
2026-01-11T16:59:25.900Z [distributed-lock] error: Error during lock acquisition {"key":"lock:concurrent:lock","error":{},"attempt":0}
2026-01-11T16:59:25.900Z [distributed-lock] error: Error during lock acquisition {"key":"lock:concurrent:lock","error":{},"attempt":0}
2026-01-11T16:59:25.945Z [distributed-lock] error: Error during lock acquisition {"key":"lock:service:startup","error":{},"attempt":0}
2026-01-11T16:59:25.946Z [distributed-lock] error: Error during lock acquisition {"key":"lock:service:startup","error":{},"attempt":0}
2026-01-11T16:59:25.952Z [distributed-lock] error: Error during lock acquisition {"key":"lock:opportunity:opp-123","error":{},"attempt":0}
2026-01-11T16:59:25.952Z [distributed-lock] error: Error during lock acquisition {"key":"lock:opportunity:opp-123","error":{},"attempt":0}
2026-01-11T16:59:25.959Z [distributed-lock] error: Error during lock acquisition {"key":"lock:opportunity:opp-2","error":{},"attempt":0}
2026-01-11T16:59:25.960Z [distributed-lock] error: Error during lock acquisition {"key":"lock:opportunity:opp-3","error":{},"attempt":0}
2026-01-11T16:59:57.975Z [distributed-lock] error: Error during lock acquisition {"key":"lock:test:lock","error":{},"attempt":0}
2026-01-11T16:59:58.044Z [distributed-lock] error: Error during lock acquisition {"key":"lock:test:lock","error":{},"attempt":0}
2026-01-11T16:59:58.049Z [distributed-lock] error: Error during lock acquisition {"key":"lock:test:lock","error":{},"attempt":0}
2026-01-11T16:59:58.053Z [distributed-lock] error: Error during lock acquisition {"key":"lock:test:lock","error":{},"attempt":0}
2026-01-11T16:59:58.065Z [distributed-lock] error: Error during lock acquisition {"key":"lock:test:lock","error":{},"attempt":0}
2026-01-11T16:59:58.058Z [distributed-lock] error: Error during lock acquisition {"key":"lock:test:lock","error":{},"attempt":0}
2026-01-11T16:59:58.072Z [distributed-lock] error: Error during lock acquisition {"key":"lock:concurrent:lock","error":{},"attempt":0}
2026-01-11T16:59:58.136Z [distributed-lock] error: Error during lock acquisition {"key":"lock:service:startup","error":{},"attempt":0}
2026-01-11T16:59:58.140Z [distributed-lock] error: Error during lock acquisition {"key":"lock:service:startup","error":{},"attempt":0}
2026-01-11T16:59:58.146Z [distributed-lock] error: Error during lock acquisition {"key":"lock:opportunity:opp-123","error":{},"attempt":0}
2026-01-11T16:59:58.153Z [distributed-lock] error: Error during lock acquisition {"key":"lock:opportunity:opp-1","error":{},"attempt":0}
2026-01-11T16:59:58.166Z [distributed-lock] error: Error during lock acquisition {"key":"lock:perf:lock:0","error":{},"attempt":0}
2026-01-11T16:59:58.075Z [distributed-lock] error: Error during lock acquisition {"key":"lock:concurrent:lock","error":{},"attempt":0}
2026-01-11T16:59:58.077Z [distributed-lock] error: Error during lock acquisition {"key":"lock:concurrent:lock","error":{},"attempt":0}
2026-01-11T16:59:58.078Z [distributed-lock] error: Error during lock acquisition {"key":"lock:concurrent:lock","error":{},"attempt":0}
2026-01-11T16:59:58.079Z [distributed-lock] error: Error during lock acquisition {"key":"lock:concurrent:lock","error":{},"attempt":0}
2026-01-11T16:59:58.080Z [distributed-lock] error: Error during lock acquisition {"key":"lock:concurrent:lock","error":{},"attempt":0}
2026-01-11T16:59:58.081Z [distributed-lock] error: Error during lock acquisition {"key":"lock:concurrent:lock","error":{},"attempt":0}
2026-01-11T16:59:58.082Z [distributed-lock] error: Error during lock acquisition {"key":"lock:concurrent:lock","error":{},"attempt":0}
2026-01-11T16:59:58.084Z [distributed-lock] error: Error during lock acquisition {"key":"lock:concurrent:lock","error":{},"attempt":0}
2026-01-11T16:59:58.085Z [distributed-lock] error: Error during lock acquisition {"key":"lock:concurrent:lock","error":{},"attempt":0}
2026-01-11T16:59:58.141Z [distributed-lock] error: Error during lock acquisition {"key":"lock:service:startup","error":{},"attempt":0}
2026-01-11T16:59:58.142Z [distributed-lock] error: Error during lock acquisition {"key":"lock:service:startup","error":{},"attempt":0}
2026-01-11T16:59:58.147Z [distributed-lock] error: Error during lock acquisition {"key":"lock:opportunity:opp-123","error":{},"attempt":0}
2026-01-11T16:59:58.154Z [distributed-lock] error: Error during lock acquisition {"key":"lock:opportunity:opp-2","error":{},"attempt":0}
2026-01-11T16:59:58.148Z [distributed-lock] error: Error during lock acquisition {"key":"lock:opportunity:opp-123","error":{},"attempt":0}
2026-01-11T16:59:58.154Z [distributed-lock] error: Error during lock acquisition {"key":"lock:opportunity:opp-3","error":{},"attempt":0}
2026-01-11T17:02:35.827Z [distributed-lock] error: Error during lock acquisition {"key":"lock:test:lock","error":{},"attempt":0}
2026-01-11T17:02:35.883Z [distributed-lock] error: Error during lock acquisition {"key":"lock:test:lock","error":{},"attempt":0}
2026-01-11T17:02:35.887Z [distributed-lock] error: Error during lock acquisition {"key":"lock:test:lock","error":{},"attempt":0}
2026-01-11T17:02:35.890Z [distributed-lock] error: Error during lock acquisition {"key":"lock:test:lock","error":{},"attempt":0}
2026-01-11T17:02:35.894Z [distributed-lock] error: Error during lock acquisition {"key":"lock:test:lock","error":{},"attempt":0}
2026-01-11T17:02:35.898Z [distributed-lock] error: Error during lock acquisition {"key":"lock:test:lock","error":{},"attempt":0}
2026-01-11T17:02:35.902Z [distributed-lock] error: Error during lock acquisition {"key":"lock:concurrent:lock","error":{},"attempt":0}
2026-01-11T17:02:35.951Z [distributed-lock] error: Error during lock acquisition {"key":"lock:service:startup","error":{},"attempt":0}
2026-01-11T17:02:35.965Z [distributed-lock] error: Error during lock acquisition {"key":"lock:opportunity:opp-123","error":{},"attempt":0}
2026-01-11T17:02:35.957Z [distributed-lock] error: Error during lock acquisition {"key":"lock:service:startup","error":{},"attempt":0}
2026-01-11T17:02:35.971Z [distributed-lock] error: Error during lock acquisition {"key":"lock:opportunity:opp-1","error":{},"attempt":0}
2026-01-11T17:02:35.903Z [distributed-lock] error: Error during lock acquisition {"key":"lock:concurrent:lock","error":{},"attempt":0}
2026-01-11T17:02:35.904Z [distributed-lock] error: Error during lock acquisition {"key":"lock:concurrent:lock","error":{},"attempt":0}
2026-01-11T17:02:35.905Z [distributed-lock] error: Error during lock acquisition {"key":"lock:concurrent:lock","error":{},"attempt":0}
2026-01-11T17:02:35.906Z [distributed-lock] error: Error during lock acquisition {"key":"lock:concurrent:lock","error":{},"attempt":0}
2026-01-11T17:02:35.907Z [distributed-lock] error: Error during lock acquisition {"key":"lock:concurrent:lock","error":{},"attempt":0}
2026-01-11T17:02:35.907Z [distributed-lock] error: Error during lock acquisition {"key":"lock:concurrent:lock","error":{},"attempt":0}
2026-01-11T17:02:35.908Z [distributed-lock] error: Error during lock acquisition {"key":"lock:concurrent:lock","error":{},"attempt":0}
2026-01-11T17:02:35.909Z [distributed-lock] error: Error during lock acquisition {"key":"lock:concurrent:lock","error":{},"attempt":0}
2026-01-11T17:02:35.910Z [distributed-lock] error: Error during lock acquisition {"key":"lock:concurrent:lock","error":{},"attempt":0}
2026-01-11T17:02:35.966Z [distributed-lock] error: Error during lock acquisition {"key":"lock:opportunity:opp-123","error":{},"attempt":0}
2026-01-11T17:02:35.958Z [distributed-lock] error: Error during lock acquisition {"key":"lock:service:startup","error":{},"attempt":0}
2026-01-11T17:02:35.966Z [distributed-lock] error: Error during lock acquisition {"key":"lock:opportunity:opp-123","error":{},"attempt":0}
2026-01-11T17:02:35.959Z [distributed-lock] error: Error during lock acquisition {"key":"lock:service:startup","error":{},"attempt":0}
2026-01-11T17:02:35.971Z [distributed-lock] error: Error during lock acquisition {"key":"lock:opportunity:opp-2","error":{},"attempt":0}
2026-01-11T17:02:35.982Z [distributed-lock] error: Error during lock acquisition {"key":"lock:perf:lock:0","error":{},"attempt":0}
2026-01-11T17:02:35.972Z [distributed-lock] error: Error during lock acquisition {"key":"lock:opportunity:opp-3","error":{},"attempt":0}
2026-01-11T17:04:32.903Z [distributed-lock] error: Error during lock acquisition {"key":"lock:test:lock","error":{},"attempt":0}
2026-01-11T17:04:32.970Z [distributed-lock] error: Error during lock acquisition {"key":"lock:test:lock","error":{},"attempt":0}
2026-01-11T17:04:32.975Z [distributed-lock] error: Error during lock acquisition {"key":"lock:test:lock","error":{},"attempt":0}
2026-01-11T17:04:32.980Z [distributed-lock] error: Error during lock acquisition {"key":"lock:test:lock","error":{},"attempt":0}
2026-01-11T17:04:32.984Z [distributed-lock] error: Error during lock acquisition {"key":"lock:test:lock","error":{},"attempt":0}
2026-01-11T17:04:32.990Z [distributed-lock] error: Error during lock acquisition {"key":"lock:concurrent:lock","error":{},"attempt":0}
2026-01-11T17:04:32.987Z [distributed-lock] error: Error during lock acquisition {"key":"lock:test:lock","error":{},"attempt":0}
2026-01-11T17:04:33.045Z [distributed-lock] error: Error during lock acquisition {"key":"lock:service:startup","error":{},"attempt":0}
2026-01-11T17:04:33.051Z [distributed-lock] error: Error during lock acquisition {"key":"lock:service:startup","error":{},"attempt":0}
2026-01-11T17:04:33.058Z [distributed-lock] error: Error during lock acquisition {"key":"lock:opportunity:opp-123","error":{},"attempt":0}
2026-01-11T17:04:33.065Z [distributed-lock] error: Error during lock acquisition {"key":"lock:opportunity:opp-1","error":{},"attempt":0}
2026-01-11T17:04:33.084Z [distributed-lock] error: Error during lock acquisition {"key":"lock:perf:lock:0","error":{},"attempt":0}
2026-01-11T17:04:32.991Z [distributed-lock] error: Error during lock acquisition {"key":"lock:concurrent:lock","error":{},"attempt":0}
2026-01-11T17:04:32.992Z [distributed-lock] error: Error during lock acquisition {"key":"lock:concurrent:lock","error":{},"attempt":0}
2026-01-11T17:04:32.993Z [distributed-lock] error: Error during lock acquisition {"key":"lock:concurrent:lock","error":{},"attempt":0}
2026-01-11T17:04:32.994Z [distributed-lock] error: Error during lock acquisition {"key":"lock:concurrent:lock","error":{},"attempt":0}
2026-01-11T17:04:32.995Z [distributed-lock] error: Error during lock acquisition {"key":"lock:concurrent:lock","error":{},"attempt":0}
2026-01-11T17:04:32.997Z [distributed-lock] error: Error during lock acquisition {"key":"lock:concurrent:lock","error":{},"attempt":0}
2026-01-11T17:04:32.998Z [distributed-lock] error: Error during lock acquisition {"key":"lock:concurrent:lock","error":{},"attempt":0}
2026-01-11T17:04:32.999Z [distributed-lock] error: Error during lock acquisition {"key":"lock:concurrent:lock","error":{},"attempt":0}
2026-01-11T17:04:33.000Z [distributed-lock] error: Error during lock acquisition {"key":"lock:concurrent:lock","error":{},"attempt":0}
2026-01-11T17:04:33.052Z [distributed-lock] error: Error during lock acquisition {"key":"lock:service:startup","error":{},"attempt":0}
2026-01-11T17:04:33.066Z [distributed-lock] error: Error during lock acquisition {"key":"lock:opportunity:opp-2","error":{},"attempt":0}
2026-01-11T17:04:33.059Z [distributed-lock] error: Error during lock acquisition {"key":"lock:opportunity:opp-123","error":{},"attempt":0}
2026-01-11T17:04:33.053Z [distributed-lock] error: Error during lock acquisition {"key":"lock:service:startup","error":{},"attempt":0}
2026-01-11T17:04:33.067Z [distributed-lock] error: Error during lock acquisition {"key":"lock:opportunity:opp-3","error":{},"attempt":0}
2026-01-11T17:04:33.060Z [distributed-lock] error: Error during lock acquisition {"key":"lock:opportunity:opp-123","error":{},"attempt":0}
2026-01-11T17:07:00.322Z [distributed-lock] error: Error during lock acquisition {"key":"lock:test:lock","error":{},"attempt":0}
2026-01-11T17:07:00.396Z [distributed-lock] error: Error during lock acquisition {"key":"lock:test:lock","error":{},"attempt":0}
2026-01-11T17:07:00.401Z [distributed-lock] error: Error during lock acquisition {"key":"lock:test:lock","error":{},"attempt":0}
2026-01-11T17:07:00.406Z [distributed-lock] error: Error during lock acquisition {"key":"lock:test:lock","error":{},"attempt":0}
2026-01-11T17:07:00.410Z [distributed-lock] error: Error during lock acquisition {"key":"lock:test:lock","error":{},"attempt":0}
2026-01-11T17:07:00.413Z [distributed-lock] error: Error during lock acquisition {"key":"lock:test:lock","error":{},"attempt":0}
2026-01-11T17:07:00.418Z [distributed-lock] error: Error during lock acquisition {"key":"lock:concurrent:lock","error":{},"attempt":0}
2026-01-11T17:07:00.491Z [distributed-lock] error: Error during lock acquisition {"key":"lock:service:startup","error":{},"attempt":0}
2026-01-11T17:07:00.497Z [distributed-lock] error: Error during lock acquisition {"key":"lock:service:startup","error":{},"attempt":0}
2026-01-11T17:07:00.504Z [distributed-lock] error: Error during lock acquisition {"key":"lock:opportunity:opp-123","error":{},"attempt":0}
2026-01-11T17:07:00.513Z [distributed-lock] error: Error during lock acquisition {"key":"lock:opportunity:opp-1","error":{},"attempt":0}
2026-01-11T17:07:00.533Z [distributed-lock] error: Error during lock acquisition {"key":"lock:perf:lock:0","error":{},"attempt":0}
2026-01-11T17:07:00.419Z [distributed-lock] error: Error during lock acquisition {"key":"lock:concurrent:lock","error":{},"attempt":0}
2026-01-11T17:07:00.421Z [distributed-lock] error: Error during lock acquisition {"key":"lock:concurrent:lock","error":{},"attempt":0}
2026-01-11T17:07:00.505Z [distributed-lock] error: Error during lock acquisition {"key":"lock:opportunity:opp-123","error":{},"attempt":0}
2026-01-11T17:07:00.498Z [distributed-lock] error: Error during lock acquisition {"key":"lock:service:startup","error":{},"attempt":0}
2026-01-11T17:07:00.422Z [distributed-lock] error: Error during lock acquisition {"key":"lock:concurrent:lock","error":{},"attempt":0}
2026-01-11T17:07:00.506Z [distributed-lock] error: Error during lock acquisition {"key":"lock:opportunity:opp-123","error":{},"attempt":0}
2026-01-11T17:07:00.514Z [distributed-lock] error: Error during lock acquisition {"key":"lock:opportunity:opp-2","error":{},"attempt":0}
2026-01-11T17:07:00.499Z [distributed-lock] error: Error during lock acquisition {"key":"lock:service:startup","error":{},"attempt":0}
2026-01-11T17:07:00.423Z [distributed-lock] error: Error during lock acquisition {"key":"lock:concurrent:lock","error":{},"attempt":0}
2026-01-11T17:07:00.515Z [distributed-lock] error: Error during lock acquisition {"key":"lock:opportunity:opp-3","error":{},"attempt":0}
2026-01-11T17:07:00.424Z [distributed-lock] error: Error during lock acquisition {"key":"lock:concurrent:lock","error":{},"attempt":0}
2026-01-11T17:07:00.425Z [distributed-lock] error: Error during lock acquisition {"key":"lock:concurrent:lock","error":{},"attempt":0}
2026-01-11T17:07:00.426Z [distributed-lock] error: Error during lock acquisition {"key":"lock:concurrent:lock","error":{},"attempt":0}
2026-01-11T17:07:00.438Z [distributed-lock] error: Error during lock acquisition {"key":"lock:concurrent:lock","error":{},"attempt":0}
2026-01-11T17:07:00.440Z [distributed-lock] error: Error during lock acquisition {"key":"lock:concurrent:lock","error":{},"attempt":0}
2026-01-11T17:08:39.086Z [distributed-lock] error: Error during lock acquisition {"key":"lock:test:lock","error":{},"attempt":0}
2026-01-11T17:08:39.150Z [distributed-lock] error: Error during lock acquisition {"key":"lock:test:lock","error":{},"attempt":0}
2026-01-11T17:08:39.154Z [distributed-lock] error: Error during lock acquisition {"key":"lock:test:lock","error":{},"attempt":0}
2026-01-11T17:08:39.159Z [distributed-lock] error: Error during lock acquisition {"key":"lock:test:lock","error":{},"attempt":0}
2026-01-11T17:08:39.164Z [distributed-lock] error: Error during lock acquisition {"key":"lock:test:lock","error":{},"attempt":0}
2026-01-11T17:08:39.168Z [distributed-lock] error: Error during lock acquisition {"key":"lock:test:lock","error":{},"attempt":0}
2026-01-11T17:08:39.172Z [distributed-lock] error: Error during lock acquisition {"key":"lock:concurrent:lock","error":{},"attempt":0}
2026-01-11T17:08:39.229Z [distributed-lock] error: Error during lock acquisition {"key":"lock:service:startup","error":{},"attempt":0}
2026-01-11T17:08:39.236Z [distributed-lock] error: Error during lock acquisition {"key":"lock:service:startup","error":{},"attempt":0}
2026-01-11T17:08:39.244Z [distributed-lock] error: Error during lock acquisition {"key":"lock:opportunity:opp-123","error":{},"attempt":0}
2026-01-11T17:08:39.259Z [distributed-lock] error: Error during lock acquisition {"key":"lock:opportunity:opp-1","error":{},"attempt":0}
2026-01-11T17:08:39.279Z [distributed-lock] error: Error during lock acquisition {"key":"lock:perf:lock:0","error":{},"attempt":0}
2026-01-11T17:08:39.173Z [distributed-lock] error: Error during lock acquisition {"key":"lock:concurrent:lock","error":{},"attempt":0}
2026-01-11T17:08:39.174Z [distributed-lock] error: Error during lock acquisition {"key":"lock:concurrent:lock","error":{},"attempt":0}
2026-01-11T17:08:39.175Z [distributed-lock] error: Error during lock acquisition {"key":"lock:concurrent:lock","error":{},"attempt":0}
2026-01-11T17:08:39.176Z [distributed-lock] error: Error during lock acquisition {"key":"lock:concurrent:lock","error":{},"attempt":0}
2026-01-11T17:08:39.176Z [distributed-lock] error: Error during lock acquisition {"key":"lock:concurrent:lock","error":{},"attempt":0}
2026-01-11T17:08:39.177Z [distributed-lock] error: Error during lock acquisition {"key":"lock:concurrent:lock","error":{},"attempt":0}
2026-01-11T17:08:39.178Z [distributed-lock] error: Error during lock acquisition {"key":"lock:concurrent:lock","error":{},"attempt":0}
2026-01-11T17:08:39.237Z [distributed-lock] error: Error during lock acquisition {"key":"lock:service:startup","error":{},"attempt":0}
2026-01-11T17:08:39.178Z [distributed-lock] error: Error during lock acquisition {"key":"lock:concurrent:lock","error":{},"attempt":0}
2026-01-11T17:08:39.238Z [distributed-lock] error: Error during lock acquisition {"key":"lock:service:startup","error":{},"attempt":0}
2026-01-11T17:08:39.249Z [distributed-lock] error: Error during lock acquisition {"key":"lock:opportunity:opp-123","error":{},"attempt":0}
2026-01-11T17:08:39.179Z [distributed-lock] error: Error during lock acquisition {"key":"lock:concurrent:lock","error":{},"attempt":0}
2026-01-11T17:08:39.252Z [distributed-lock] error: Error during lock acquisition {"key":"lock:opportunity:opp-123","error":{},"attempt":0}
2026-01-11T17:08:39.261Z [distributed-lock] error: Error during lock acquisition {"key":"lock:opportunity:opp-2","error":{},"attempt":0}
2026-01-11T17:08:39.262Z [distributed-lock] error: Error during lock acquisition {"key":"lock:opportunity:opp-3","error":{},"attempt":0}
2026-01-11T17:10:19.928Z [distributed-lock] error: Error during lock acquisition {"key":"lock:test:lock","error":{},"attempt":0}
2026-01-11T17:10:20.000Z [distributed-lock] error: Error during lock acquisition {"key":"lock:test:lock","error":{},"attempt":0}
2026-01-11T17:10:20.005Z [distributed-lock] error: Error during lock acquisition {"key":"lock:test:lock","error":{},"attempt":0}
2026-01-11T17:10:20.009Z [distributed-lock] error: Error during lock acquisition {"key":"lock:test:lock","error":{},"attempt":0}
2026-01-11T17:10:20.012Z [distributed-lock] error: Error during lock acquisition {"key":"lock:test:lock","error":{},"attempt":0}
2026-01-11T17:10:20.015Z [distributed-lock] error: Error during lock acquisition {"key":"lock:test:lock","error":{},"attempt":0}
2026-01-11T17:10:20.018Z [distributed-lock] error: Error during lock acquisition {"key":"lock:concurrent:lock","error":{},"attempt":0}
2026-01-11T17:10:20.070Z [distributed-lock] error: Error during lock acquisition {"key":"lock:service:startup","error":{},"attempt":0}
2026-01-11T17:10:20.075Z [distributed-lock] error: Error during lock acquisition {"key":"lock:service:startup","error":{},"attempt":0}
2026-01-11T17:10:20.083Z [distributed-lock] error: Error during lock acquisition {"key":"lock:opportunity:opp-123","error":{},"attempt":0}
2026-01-11T17:10:20.091Z [distributed-lock] error: Error during lock acquisition {"key":"lock:opportunity:opp-1","error":{},"attempt":0}
2026-01-11T17:10:20.110Z [distributed-lock] error: Error during lock acquisition {"key":"lock:perf:lock:0","error":{},"attempt":0}
2026-01-11T17:10:20.019Z [distributed-lock] error: Error during lock acquisition {"key":"lock:concurrent:lock","error":{},"attempt":0}
2026-01-11T17:10:20.020Z [distributed-lock] error: Error during lock acquisition {"key":"lock:concurrent:lock","error":{},"attempt":0}
2026-01-11T17:10:20.021Z [distributed-lock] error: Error during lock acquisition {"key":"lock:concurrent:lock","error":{},"attempt":0}
2026-01-11T17:10:20.022Z [distributed-lock] error: Error during lock acquisition {"key":"lock:concurrent:lock","error":{},"attempt":0}
2026-01-11T17:10:20.023Z [distributed-lock] error: Error during lock acquisition {"key":"lock:concurrent:lock","error":{},"attempt":0}
2026-01-11T17:10:20.023Z [distributed-lock] error: Error during lock acquisition {"key":"lock:concurrent:lock","error":{},"attempt":0}
2026-01-11T17:10:20.024Z [distributed-lock] error: Error during lock acquisition {"key":"lock:concurrent:lock","error":{},"attempt":0}
2026-01-11T17:10:20.025Z [distributed-lock] error: Error during lock acquisition {"key":"lock:concurrent:lock","error":{},"attempt":0}
2026-01-11T17:10:20.026Z [distributed-lock] error: Error during lock acquisition {"key":"lock:concurrent:lock","error":{},"attempt":0}
2026-01-11T17:10:20.076Z [distributed-lock] error: Error during lock acquisition {"key":"lock:service:startup","error":{},"attempt":0}
2026-01-11T17:10:20.077Z [distributed-lock] error: Error during lock acquisition {"key":"lock:service:startup","error":{},"attempt":0}
2026-01-11T17:10:20.084Z [distributed-lock] error: Error during lock acquisition {"key":"lock:opportunity:opp-123","error":{},"attempt":0}
2026-01-11T17:10:20.085Z [distributed-lock] error: Error during lock acquisition {"key":"lock:opportunity:opp-123","error":{},"attempt":0}
2026-01-11T17:10:20.092Z [distributed-lock] error: Error during lock acquisition {"key":"lock:opportunity:opp-2","error":{},"attempt":0}
2026-01-11T17:10:20.093Z [distributed-lock] error: Error during lock acquisition {"key":"lock:opportunity:opp-3","error":{},"attempt":0}
2026-01-11T18:22:56.397Z [distributed-lock] error: Error during lock acquisition {"key":"lock:test:lock","error":{},"attempt":0}
2026-01-11T18:22:56.452Z [distributed-lock] error: Error during lock acquisition {"key":"lock:test:lock","error":{},"attempt":0}
2026-01-11T18:22:56.456Z [distributed-lock] error: Error during lock acquisition {"key":"lock:test:lock","error":{},"attempt":0}
2026-01-11T18:22:56.460Z [distributed-lock] error: Error during lock acquisition {"key":"lock:test:lock","error":{},"attempt":0}
2026-01-11T18:22:56.464Z [distributed-lock] error: Error during lock acquisition {"key":"lock:test:lock","error":{},"attempt":0}
2026-01-11T18:22:56.467Z [distributed-lock] error: Error during lock acquisition {"key":"lock:test:lock","error":{},"attempt":0}
2026-01-11T18:22:56.470Z [distributed-lock] error: Error during lock acquisition {"key":"lock:concurrent:lock","error":{},"attempt":0}
2026-01-11T18:22:56.524Z [distributed-lock] error: Error during lock acquisition {"key":"lock:service:startup","error":{},"attempt":0}
2026-01-11T18:22:56.529Z [distributed-lock] error: Error during lock acquisition {"key":"lock:service:startup","error":{},"attempt":0}
2026-01-11T18:22:56.535Z [distributed-lock] error: Error during lock acquisition {"key":"lock:opportunity:opp-123","error":{},"attempt":0}
2026-01-11T18:22:56.541Z [distributed-lock] error: Error during lock acquisition {"key":"lock:opportunity:opp-1","error":{},"attempt":0}
2026-01-11T18:22:56.560Z [distributed-lock] error: Error during lock acquisition {"key":"lock:perf:lock:0","error":{},"attempt":0}
2026-01-11T18:22:56.471Z [distributed-lock] error: Error during lock acquisition {"key":"lock:concurrent:lock","error":{},"attempt":0}
2026-01-11T18:22:56.472Z [distributed-lock] error: Error during lock acquisition {"key":"lock:concurrent:lock","error":{},"attempt":0}
2026-01-11T18:22:56.473Z [distributed-lock] error: Error during lock acquisition {"key":"lock:concurrent:lock","error":{},"attempt":0}
2026-01-11T18:22:56.474Z [distributed-lock] error: Error during lock acquisition {"key":"lock:concurrent:lock","error":{},"attempt":0}
2026-01-11T18:22:56.475Z [distributed-lock] error: Error during lock acquisition {"key":"lock:concurrent:lock","error":{},"attempt":0}
2026-01-11T18:22:56.475Z [distributed-lock] error: Error during lock acquisition {"key":"lock:concurrent:lock","error":{},"attempt":0}
2026-01-11T18:22:56.476Z [distributed-lock] error: Error during lock acquisition {"key":"lock:concurrent:lock","error":{},"attempt":0}
2026-01-11T18:22:56.477Z [distributed-lock] error: Error during lock acquisition {"key":"lock:concurrent:lock","error":{},"attempt":0}
2026-01-11T18:22:56.530Z [distributed-lock] error: Error during lock acquisition {"key":"lock:service:startup","error":{},"attempt":0}
2026-01-11T18:22:56.478Z [distributed-lock] error: Error during lock acquisition {"key":"lock:concurrent:lock","error":{},"attempt":0}
2026-01-11T18:22:56.531Z [distributed-lock] error: Error during lock acquisition {"key":"lock:service:startup","error":{},"attempt":0}
2026-01-11T18:22:56.535Z [distributed-lock] error: Error during lock acquisition {"key":"lock:opportunity:opp-123","error":{},"attempt":0}
2026-01-11T18:22:56.542Z [distributed-lock] error: Error during lock acquisition {"key":"lock:opportunity:opp-2","error":{},"attempt":0}
2026-01-11T18:22:56.536Z [distributed-lock] error: Error during lock acquisition {"key":"lock:opportunity:opp-123","error":{},"attempt":0}
2026-01-11T18:22:56.543Z [distributed-lock] error: Error during lock acquisition {"key":"lock:opportunity:opp-3","error":{},"attempt":0}
2026-01-11T18:25:55.861Z [distributed-lock] error: Error during lock acquisition {"key":"lock:test:lock","error":{},"attempt":0}
2026-01-11T18:25:55.931Z [distributed-lock] error: Error during lock acquisition {"key":"lock:test:lock","error":{},"attempt":0}
2026-01-11T18:25:55.935Z [distributed-lock] error: Error during lock acquisition {"key":"lock:test:lock","error":{},"attempt":0}
2026-01-11T18:25:55.940Z [distributed-lock] error: Error during lock acquisition {"key":"lock:test:lock","error":{},"attempt":0}
2026-01-11T18:25:55.944Z [distributed-lock] error: Error during lock acquisition {"key":"lock:test:lock","error":{},"attempt":0}
2026-01-11T18:25:55.949Z [distributed-lock] error: Error during lock acquisition {"key":"lock:test:lock","error":{},"attempt":0}
2026-01-11T18:25:55.952Z [distributed-lock] error: Error during lock acquisition {"key":"lock:concurrent:lock","error":{},"attempt":0}
2026-01-11T18:25:56.008Z [distributed-lock] error: Error during lock acquisition {"key":"lock:service:startup","error":{},"attempt":0}
2026-01-11T18:25:56.002Z [distributed-lock] error: Error during lock acquisition {"key":"lock:service:startup","error":{},"attempt":0}
2026-01-11T18:25:56.016Z [distributed-lock] error: Error during lock acquisition {"key":"lock:opportunity:opp-123","error":{},"attempt":0}
2026-01-11T18:25:56.023Z [distributed-lock] error: Error during lock acquisition {"key":"lock:opportunity:opp-1","error":{},"attempt":0}
2026-01-11T18:25:56.039Z [distributed-lock] error: Error during lock acquisition {"key":"lock:perf:lock:0","error":{},"attempt":0}
2026-01-11T18:25:55.953Z [distributed-lock] error: Error during lock acquisition {"key":"lock:concurrent:lock","error":{},"attempt":0}
2026-01-11T18:25:55.954Z [distributed-lock] error: Error during lock acquisition {"key":"lock:concurrent:lock","error":{},"attempt":0}
2026-01-11T18:25:55.955Z [distributed-lock] error: Error during lock acquisition {"key":"lock:concurrent:lock","error":{},"attempt":0}
2026-01-11T18:25:55.956Z [distributed-lock] error: Error during lock acquisition {"key":"lock:concurrent:lock","error":{},"attempt":0}
2026-01-11T18:25:55.957Z [distributed-lock] error: Error during lock acquisition {"key":"lock:concurrent:lock","error":{},"attempt":0}
2026-01-11T18:25:55.959Z [distributed-lock] error: Error during lock acquisition {"key":"lock:concurrent:lock","error":{},"attempt":0}
2026-01-11T18:25:55.960Z [distributed-lock] error: Error during lock acquisition {"key":"lock:concurrent:lock","error":{},"attempt":0}
2026-01-11T18:25:55.961Z [distributed-lock] error: Error during lock acquisition {"key":"lock:concurrent:lock","error":{},"attempt":0}
2026-01-11T18:25:56.009Z [distributed-lock] error: Error during lock acquisition {"key":"lock:service:startup","error":{},"attempt":0}
2026-01-11T18:25:55.962Z [distributed-lock] error: Error during lock acquisition {"key":"lock:concurrent:lock","error":{},"attempt":0}
2026-01-11T18:25:56.010Z [distributed-lock] error: Error during lock acquisition {"key":"lock:service:startup","error":{},"attempt":0}
2026-01-11T18:25:56.016Z [distributed-lock] error: Error during lock acquisition {"key":"lock:opportunity:opp-123","error":{},"attempt":0}
2026-01-11T18:25:56.017Z [distributed-lock] error: Error during lock acquisition {"key":"lock:opportunity:opp-123","error":{},"attempt":0}
2026-01-11T18:25:56.024Z [distributed-lock] error: Error during lock acquisition {"key":"lock:opportunity:opp-2","error":{},"attempt":0}
2026-01-11T18:25:56.025Z [distributed-lock] error: Error during lock acquisition {"key":"lock:opportunity:opp-3","error":{},"attempt":0}
2026-01-11T18:38:32.861Z [distributed-lock] error: Error during lock acquisition {"key":"lock:test:lock","error":{},"attempt":0}
2026-01-11T18:38:32.935Z [distributed-lock] error: Error during lock acquisition {"key":"lock:test:lock","error":{},"attempt":0}
2026-01-11T18:38:32.938Z [distributed-lock] error: Error during lock acquisition {"key":"lock:test:lock","error":{},"attempt":0}
2026-01-11T18:38:32.942Z [distributed-lock] error: Error during lock acquisition {"key":"lock:test:lock","error":{},"attempt":0}
2026-01-11T18:38:32.946Z [distributed-lock] error: Error during lock acquisition {"key":"lock:test:lock","error":{},"attempt":0}
2026-01-11T18:38:32.950Z [distributed-lock] error: Error during lock acquisition {"key":"lock:test:lock","error":{},"attempt":0}
2026-01-11T18:38:32.955Z [distributed-lock] error: Error during lock acquisition {"key":"lock:concurrent:lock","error":{},"attempt":0}
2026-01-11T18:38:33.008Z [distributed-lock] error: Error during lock acquisition {"key":"lock:service:startup","error":{},"attempt":0}
2026-01-11T18:38:33.014Z [distributed-lock] error: Error during lock acquisition {"key":"lock:service:startup","error":{},"attempt":0}
2026-01-11T18:38:33.022Z [distributed-lock] error: Error during lock acquisition {"key":"lock:opportunity:opp-123","error":{},"attempt":0}
2026-01-11T18:38:33.029Z [distributed-lock] error: Error during lock acquisition {"key":"lock:opportunity:opp-1","error":{},"attempt":0}
2026-01-11T18:38:33.047Z [distributed-lock] error: Error during lock acquisition {"key":"lock:perf:lock:0","error":{},"attempt":0}
2026-01-11T18:38:32.957Z [distributed-lock] error: Error during lock acquisition {"key":"lock:concurrent:lock","error":{},"attempt":0}
2026-01-11T18:38:32.958Z [distributed-lock] error: Error during lock acquisition {"key":"lock:concurrent:lock","error":{},"attempt":0}
2026-01-11T18:38:32.959Z [distributed-lock] error: Error during lock acquisition {"key":"lock:concurrent:lock","error":{},"attempt":0}
2026-01-11T18:38:32.960Z [distributed-lock] error: Error during lock acquisition {"key":"lock:concurrent:lock","error":{},"attempt":0}
2026-01-11T18:38:32.960Z [distributed-lock] error: Error during lock acquisition {"key":"lock:concurrent:lock","error":{},"attempt":0}
2026-01-11T18:38:32.961Z [distributed-lock] error: Error during lock acquisition {"key":"lock:concurrent:lock","error":{},"attempt":0}
2026-01-11T18:38:32.961Z [distributed-lock] error: Error during lock acquisition {"key":"lock:concurrent:lock","error":{},"attempt":0}
2026-01-11T18:38:32.962Z [distributed-lock] error: Error during lock acquisition {"key":"lock:concurrent:lock","error":{},"attempt":0}
2026-01-11T18:38:32.963Z [distributed-lock] error: Error during lock acquisition {"key":"lock:concurrent:lock","error":{},"attempt":0}
2026-01-11T18:38:33.023Z [distributed-lock] error: Error during lock acquisition {"key":"lock:opportunity:opp-123","error":{},"attempt":0}
2026-01-11T18:38:33.024Z [distributed-lock] error: Error during lock acquisition {"key":"lock:opportunity:opp-123","error":{},"attempt":0}
2026-01-11T18:38:33.015Z [distributed-lock] error: Error during lock acquisition {"key":"lock:service:startup","error":{},"attempt":0}
2026-01-11T18:38:33.016Z [distributed-lock] error: Error during lock acquisition {"key":"lock:service:startup","error":{},"attempt":0}
2026-01-11T18:38:33.030Z [distributed-lock] error: Error during lock acquisition {"key":"lock:opportunity:opp-2","error":{},"attempt":0}
2026-01-11T18:38:33.030Z [distributed-lock] error: Error during lock acquisition {"key":"lock:opportunity:opp-3","error":{},"attempt":0}
2026-01-11T18:46:55.767Z [distributed-lock] error: Error during lock acquisition {"key":"lock:test:lock","error":{},"attempt":0}
2026-01-11T18:46:55.850Z [distributed-lock] error: Error during lock acquisition {"key":"lock:test:lock","error":{},"attempt":0}
2026-01-11T18:46:55.856Z [distributed-lock] error: Error during lock acquisition {"key":"lock:test:lock","error":{},"attempt":0}
2026-01-11T18:46:55.861Z [distributed-lock] error: Error during lock acquisition {"key":"lock:test:lock","error":{},"attempt":0}
2026-01-11T18:46:55.865Z [distributed-lock] error: Error during lock acquisition {"key":"lock:test:lock","error":{},"attempt":0}
2026-01-11T18:46:55.870Z [distributed-lock] error: Error during lock acquisition {"key":"lock:test:lock","error":{},"attempt":0}
2026-01-11T18:46:55.874Z [distributed-lock] error: Error during lock acquisition {"key":"lock:concurrent:lock","error":{},"attempt":0}
2026-01-11T18:46:55.942Z [distributed-lock] error: Error during lock acquisition {"key":"lock:service:startup","error":{},"attempt":0}
2026-01-11T18:46:55.951Z [distributed-lock] error: Error during lock acquisition {"key":"lock:service:startup","error":{},"attempt":0}
2026-01-11T18:46:55.961Z [distributed-lock] error: Error during lock acquisition {"key":"lock:opportunity:opp-123","error":{},"attempt":0}
2026-01-11T18:46:55.975Z [distributed-lock] error: Error during lock acquisition {"key":"lock:opportunity:opp-1","error":{},"attempt":0}
2026-01-11T18:46:55.990Z [distributed-lock] error: Error during lock acquisition {"key":"lock:perf:lock:0","error":{},"attempt":0}
2026-01-11T18:46:55.875Z [distributed-lock] error: Error during lock acquisition {"key":"lock:concurrent:lock","error":{},"attempt":0}
2026-01-11T18:46:55.876Z [distributed-lock] error: Error during lock acquisition {"key":"lock:concurrent:lock","error":{},"attempt":0}
2026-01-11T18:46:55.877Z [distributed-lock] error: Error during lock acquisition {"key":"lock:concurrent:lock","error":{},"attempt":0}
2026-01-11T18:46:55.878Z [distributed-lock] error: Error during lock acquisition {"key":"lock:concurrent:lock","error":{},"attempt":0}
2026-01-11T18:46:55.879Z [distributed-lock] error: Error during lock acquisition {"key":"lock:concurrent:lock","error":{},"attempt":0}
2026-01-11T18:46:55.880Z [distributed-lock] error: Error during lock acquisition {"key":"lock:concurrent:lock","error":{},"attempt":0}
2026-01-11T18:46:55.882Z [distributed-lock] error: Error during lock acquisition {"key":"lock:concurrent:lock","error":{},"attempt":0}
2026-01-11T18:46:55.883Z [distributed-lock] error: Error during lock acquisition {"key":"lock:concurrent:lock","error":{},"attempt":0}
2026-01-11T18:46:55.953Z [distributed-lock] error: Error during lock acquisition {"key":"lock:service:startup","error":{},"attempt":0}
2026-01-11T18:46:55.886Z [distributed-lock] error: Error during lock acquisition {"key":"lock:concurrent:lock","error":{},"attempt":0}
2026-01-11T18:46:55.954Z [distributed-lock] error: Error during lock acquisition {"key":"lock:service:startup","error":{},"attempt":0}
2026-01-11T18:46:55.965Z [distributed-lock] error: Error during lock acquisition {"key":"lock:opportunity:opp-123","error":{},"attempt":0}
2026-01-11T18:46:55.966Z [distributed-lock] error: Error during lock acquisition {"key":"lock:opportunity:opp-123","error":{},"attempt":0}
2026-01-11T18:46:55.976Z [distributed-lock] error: Error during lock acquisition {"key":"lock:opportunity:opp-2","error":{},"attempt":0}
2026-01-11T18:46:55.977Z [distributed-lock] error: Error during lock acquisition {"key":"lock:opportunity:opp-3","error":{},"attempt":0}
