2026-01-11T18:51:24.907Z [expert-self-healing-manager] error: Failed to publish to pub/sub {"channel":"service:failing-service:control","error":"Redis publish failed"}
2026-01-11T18:51:40.523Z [expert-self-healing-manager] error: Failed to publish to pub/sub {"channel":"system:failures","error":"Redis down"}
2026-01-11T18:51:40.524Z [test-service] error: Recovery action threw exception {"actionId":"recovery_1768157500524_w5nvkpy3t","strategy":"restart_service","error":"Recovery failed"}
2026-01-11T18:52:16.156Z [expert-self-healing-manager] error: Failed to publish to pub/sub {"channel":"service:failing-service:control","error":"Redis publish failed"}
2026-01-11T18:52:31.773Z [expert-self-healing-manager] error: Failed to publish to pub/sub {"channel":"system:failures","error":"Redis down"}
2026-01-11T18:52:31.774Z [test-service] error: Recovery action threw exception {"actionId":"recovery_1768157551774_fwifvc9qs","strategy":"restart_service","error":"Recovery failed"}
2026-01-11T18:53:14.688Z [expert-self-healing-manager] error: Failed to publish to pub/sub {"channel":"service:failing-service:control","error":"Redis publish failed"}
2026-01-11T18:53:30.304Z [expert-self-healing-manager] error: Failed to publish to pub/sub {"channel":"system:failures","error":"Redis down"}
2026-01-11T18:53:30.306Z [test-service] error: Recovery action threw exception {"actionId":"recovery_1768157610306_27jv0bqpu","strategy":"restart_service","error":"Recovery failed"}
2026-01-11T19:01:27.788Z [expert-self-healing-manager] error: Failed to publish to pub/sub {"channel":"service:failing-service:control","error":"Redis publish failed"}
2026-01-11T19:01:43.445Z [expert-self-healing-manager] error: Failed to publish to pub/sub {"channel":"system:failures","error":"Redis down"}
2026-01-11T19:01:43.446Z [test-service] error: Recovery action threw exception {"actionId":"recovery_1768158103446_javw86j65","strategy":"restart_service","error":"Recovery failed"}
2026-01-11T19:05:54.286Z [expert-self-healing-manager] error: Failed to publish to pub/sub {"channel":"system:failures","error":"Redis down"}
2026-01-11T19:05:54.314Z [test-service] error: Recovery action threw exception {"actionId":"recovery_1768158354314_apdqkyz8h","strategy":"restart_service","error":"Recovery failed"}
2026-01-11T19:14:56.441Z [expert-self-healing-manager] error: Failed to publish to pub/sub {"channel":"system:failures","error":"Redis down"}
2026-01-11T19:14:56.479Z [test-service] error: Recovery action threw exception {"actionId":"recovery_1768158896479_pf2vl5u74","strategy":"restart_service","error":"Recovery failed"}
2026-01-11T19:54:56.044Z [expert-self-healing-manager] error: Failed to publish to pub/sub {"channel":"system:failures","error":"Redis down"}
2026-01-11T19:54:56.070Z [test-service] error: Recovery action threw exception {"actionId":"recovery_1768161296070_yx5wz82mq","strategy":"restart_service","error":"Recovery failed"}
2026-01-11T20:09:21.430Z [expert-self-healing-manager] error: Failed to publish to pub/sub {"channel":"system:failures","error":"Redis down"}
2026-01-11T20:09:21.459Z [test-service] error: Recovery action threw exception {"actionId":"recovery_1768162161459_krjlwl5w7","strategy":"restart_service","error":"Recovery failed"}
2026-01-11T20:13:12.022Z [expert-self-healing-manager] error: Failed to publish to pub/sub {"channel":"system:failures","error":"Redis down"}
2026-01-11T20:13:12.069Z [test-service] error: Recovery action threw exception {"actionId":"recovery_1768162392069_a0cxfbykk","strategy":"restart_service","error":"Recovery failed"}
2026-01-11T20:19:53.621Z [expert-self-healing-manager] error: Failed to publish to pub/sub {"channel":"system:failures","error":"Redis down"}
2026-01-11T20:19:53.645Z [test-service] error: Recovery action threw exception {"actionId":"recovery_1768162793645_v9zyeqgxf","strategy":"restart_service","error":"Recovery failed"}
2026-01-11T20:29:44.054Z [expert-self-healing-manager] error: Failed to publish to pub/sub {"channel":"system:failures","error":"Redis down"}
2026-01-11T20:29:44.079Z [test-service] error: Recovery action threw exception {"actionId":"recovery_1768163384079_2eg7028cv","strategy":"restart_service","error":"Recovery failed"}
2026-01-12T06:34:27.397Z [expert-self-healing-manager] error: Failed to publish to pub/sub {"channel":"system:failures","error":"Redis down"}
2026-01-12T06:34:27.423Z [test-service] error: Recovery action threw exception {"actionId":"recovery_1768199667423_4gszaa5fj","strategy":"restart_service","error":"Recovery failed"}
2026-01-12T10:28:26.830Z [expert-self-healing-manager] error: Failed to publish to pub/sub {"channel":"system:failures","error":"Redis down"}
2026-01-12T10:28:26.861Z [test-service] error: Recovery action threw exception {"actionId":"recovery_1768213706860_1x4amiau9","strategy":"restart_service","error":"Recovery failed"}
2026-01-12T10:40:51.058Z [expert-self-healing-manager] error: Failed to publish to pub/sub {"channel":"system:failures","error":"Redis down"}
2026-01-12T10:40:51.084Z [test-service] error: Recovery action threw exception {"actionId":"recovery_1768214451083_7sp103fi3","strategy":"restart_service","error":"Recovery failed"}
2026-01-12T11:12:19.006Z [expert-self-healing-manager] error: Failed to publish to pub/sub {"channel":"system:failures","error":"Redis down"}
2026-01-12T11:12:19.013Z [test-service] error: Recovery action threw exception {"actionId":"recovery_1768216339013_4odahnxd1","strategy":"restart_service","error":"Recovery failed"}
