2026-01-10T16:15:20.673Z [redis-streams] info: Redis Streams client disconnected
2026-01-10T16:15:20.669Z [redis-streams] info: Redis Streams client disconnected
2026-01-10T16:15:20.696Z [redis-streams] info: Redis Streams client disconnected
2026-01-10T16:15:20.699Z [redis-streams] info: Redis Streams client disconnected
2026-01-10T16:15:20.702Z [redis-streams] info: Redis Streams client disconnected
2026-01-10T16:15:20.704Z [redis-streams] info: Redis Streams client disconnected
2026-01-10T16:15:20.707Z [redis-streams] info: Redis Streams client disconnected
2026-01-10T16:15:20.709Z [redis-streams] info: Redis Streams client disconnected
2026-01-10T16:15:20.711Z [redis-streams] info: Consumer group created {"stream":"stream:test","group":"arbitrage-detectors"}
2026-01-10T16:15:20.717Z [redis-streams] info: Consumer group created {"stream":"stream:test","group":"group-1"}
2026-01-10T16:15:20.721Z [redis-streams] info: Redis Streams client disconnected
2026-01-10T16:15:20.714Z [redis-streams] info: Redis Streams client disconnected
2026-01-10T16:15:20.719Z [redis-streams] info: Redis Streams client disconnected
2026-01-10T16:15:20.723Z [redis-streams] info: Redis Streams client disconnected
2026-01-10T16:15:20.727Z [redis-streams] info: Redis Streams client disconnected
2026-01-10T16:15:20.729Z [redis-streams] info: Redis Streams client disconnected
2026-01-10T16:15:20.730Z [redis-streams] info: Redis Streams client disconnected
2026-01-10T16:15:20.732Z [redis-streams] info: Redis Streams client disconnected
2026-01-10T16:15:20.725Z [redis-streams] info: Redis Streams client disconnected
2026-01-10T16:15:20.734Z [redis-streams] info: Redis Streams client disconnected
2026-01-10T16:15:20.736Z [redis-streams] info: Redis Streams client disconnected
2026-01-10T16:15:20.739Z [redis-streams] info: Redis Streams client disconnected
2026-01-10T16:15:20.711Z [redis-streams] info: Redis Streams client disconnected
2026-01-10T16:15:20.738Z [redis-streams] info: Redis Streams client disconnected
2026-01-10T16:15:20.752Z [redis-streams] info: Redis Streams client disconnected
2026-01-10T16:15:20.717Z [redis-streams] info: Redis Streams client disconnected
2026-01-10T16:15:20.865Z [redis-streams] info: Redis Streams client disconnected
2026-01-10T16:15:20.880Z [redis-streams] info: Redis Streams client disconnected
2026-01-10T16:15:20.883Z [redis-streams] info: Redis Streams client disconnected
2026-01-10T16:15:20.999Z [redis-streams] info: Redis Streams client disconnected
2026-01-10T16:15:21.004Z [redis-streams] info: Redis Streams client disconnected
2026-01-10T16:15:21.002Z [redis-streams] info: Redis Streams client disconnected
2026-01-10T16:15:21.007Z [redis-streams] info: Redis Streams client disconnected
2026-01-10T16:15:47.703Z [redis-streams] info: Redis Streams client disconnected
2026-01-10T16:15:47.708Z [redis-streams] info: Redis Streams client disconnected
2026-01-10T16:15:47.741Z [redis-streams] info: Redis Streams client disconnected
2026-01-10T16:15:47.744Z [redis-streams] info: Redis Streams client disconnected
2026-01-10T16:15:47.747Z [redis-streams] info: Redis Streams client disconnected
2026-01-10T16:15:47.750Z [redis-streams] info: Redis Streams client disconnected
2026-01-10T16:15:47.753Z [redis-streams] info: Redis Streams client disconnected
2026-01-10T16:15:47.761Z [redis-streams] info: Redis Streams client disconnected
2026-01-10T16:15:47.755Z [redis-streams] info: Redis Streams client disconnected
2026-01-10T16:15:47.757Z [redis-streams] info: Consumer group created {"stream":"stream:test","group":"arbitrage-detectors"}
2026-01-10T16:15:47.763Z [redis-streams] info: Consumer group created {"stream":"stream:test","group":"group-1"}
2026-01-10T16:15:47.765Z [redis-streams] info: Redis Streams client disconnected
2026-01-10T16:15:47.767Z [redis-streams] info: Redis Streams client disconnected
2026-01-10T16:15:47.769Z [redis-streams] info: Redis Streams client disconnected
2026-01-10T16:15:47.771Z [redis-streams] info: Redis Streams client disconnected
2026-01-10T16:15:47.777Z [redis-streams] info: Redis Streams client disconnected
2026-01-10T16:15:47.773Z [redis-streams] info: Redis Streams client disconnected
2026-01-10T16:15:47.779Z [redis-streams] info: Redis Streams client disconnected
2026-01-10T16:15:47.775Z [redis-streams] info: Redis Streams client disconnected
2026-01-10T16:15:47.781Z [redis-streams] info: Redis Streams client disconnected
2026-01-10T16:15:47.783Z [redis-streams] info: Redis Streams client disconnected
2026-01-10T16:15:47.785Z [redis-streams] info: Redis Streams client disconnected
2026-01-10T16:15:47.758Z [redis-streams] info: Redis Streams client disconnected
2026-01-10T16:15:47.763Z [redis-streams] info: Redis Streams client disconnected
2026-01-10T16:15:47.787Z [redis-streams] info: Redis Streams client disconnected
2026-01-10T16:15:47.798Z [redis-streams] info: Redis Streams client disconnected
2026-01-10T16:15:47.915Z [redis-streams] info: Redis Streams client disconnected
2026-01-10T16:15:47.942Z [redis-streams] info: Redis Streams client disconnected
2026-01-10T16:15:47.944Z [redis-streams] info: Redis Streams client disconnected
2026-01-10T16:15:48.047Z [redis-streams] info: Redis Streams client disconnected
2026-01-10T16:15:48.050Z [redis-streams] info: Redis Streams client disconnected
2026-01-10T16:15:48.052Z [redis-streams] info: Redis Streams client disconnected
2026-01-10T16:15:48.054Z [redis-streams] info: Redis Streams client disconnected
2026-01-10T16:17:24.189Z [redis-streams] info: Redis Streams client disconnected
2026-01-10T16:17:24.194Z [redis-streams] info: Redis Streams client disconnected
2026-01-10T16:17:24.223Z [redis-streams] info: Redis Streams client disconnected
2026-01-10T16:17:24.226Z [redis-streams] info: Redis Streams client disconnected
2026-01-10T16:17:24.228Z [redis-streams] info: Redis Streams client disconnected
2026-01-10T16:17:24.233Z [redis-streams] info: Redis Streams client disconnected
2026-01-10T16:17:24.231Z [redis-streams] info: Redis Streams client disconnected
2026-01-10T16:17:24.238Z [redis-streams] info: Consumer group created {"stream":"stream:test","group":"arbitrage-detectors"}
2026-01-10T16:17:24.235Z [redis-streams] info: Redis Streams client disconnected
2026-01-10T16:17:24.240Z [redis-streams] info: Redis Streams client disconnected
2026-01-10T16:17:24.245Z [redis-streams] info: Redis Streams client disconnected
2026-01-10T16:17:24.243Z [redis-streams] info: Consumer group created {"stream":"stream:test","group":"group-1"}
2026-01-10T16:17:24.248Z [redis-streams] info: Redis Streams client disconnected
2026-01-10T16:17:24.251Z [redis-streams] info: Redis Streams client disconnected
2026-01-10T16:17:24.253Z [redis-streams] info: Redis Streams client disconnected
2026-01-10T16:17:24.255Z [redis-streams] info: Redis Streams client disconnected
2026-01-10T16:17:24.257Z [redis-streams] info: Redis Streams client disconnected
2026-01-10T16:17:24.259Z [redis-streams] info: Redis Streams client disconnected
2026-01-10T16:17:24.261Z [redis-streams] info: Redis Streams client disconnected
2026-01-10T16:17:24.263Z [redis-streams] info: Redis Streams client disconnected
2026-01-10T16:17:24.269Z [redis-streams] info: Redis Streams client disconnected
2026-01-10T16:17:24.267Z [redis-streams] info: Redis Streams client disconnected
2026-01-10T16:17:24.238Z [redis-streams] info: Redis Streams client disconnected
2026-01-10T16:17:24.243Z [redis-streams] info: Redis Streams client disconnected
2026-01-10T16:17:24.265Z [redis-streams] info: Redis Streams client disconnected
2026-01-10T16:17:24.282Z [redis-streams] info: Redis Streams client disconnected
2026-01-10T16:17:24.397Z [redis-streams] info: Redis Streams client disconnected
2026-01-10T16:17:24.412Z [redis-streams] info: Redis Streams client disconnected
2026-01-10T16:17:24.416Z [redis-streams] info: Redis Streams client disconnected
2026-01-10T16:17:24.531Z [redis-streams] info: Redis Streams client disconnected
2026-01-10T16:17:24.533Z [redis-streams] info: Redis Streams client disconnected
2026-01-10T16:17:24.535Z [redis-streams] info: Redis Streams client disconnected
2026-01-10T16:17:24.537Z [redis-streams] info: Redis Streams client disconnected
2026-01-10T16:29:08.369Z [redis-streams] info: Redis Streams client disconnected
2026-01-10T16:29:08.374Z [redis-streams] info: Redis Streams client disconnected
2026-01-10T16:29:08.398Z [redis-streams] info: Redis Streams client disconnected
2026-01-10T16:29:08.510Z [redis-streams] info: Redis Streams client disconnected
2026-01-10T16:29:08.514Z [redis-streams] info: Redis Streams client disconnected
2026-01-10T16:29:08.520Z [redis-streams] info: Redis Streams client disconnected
2026-01-10T16:29:08.517Z [redis-streams] info: Redis Streams client disconnected
2026-01-10T16:29:08.521Z [redis-streams] info: Consumer group created {"stream":"stream:test","group":"test-group"}
2026-01-10T16:29:08.525Z [redis-streams] info: Consumer group created {"stream":"stream:test","group":"existing-group"}
2026-01-10T16:29:08.529Z [redis-streams] info: Redis Streams client disconnected
2026-01-10T16:29:08.532Z [redis-streams] info: Redis Streams client disconnected
2026-01-10T16:29:08.534Z [redis-streams] info: Redis Streams client disconnected
2026-01-10T16:29:08.524Z [redis-streams] info: Redis Streams client disconnected
2026-01-10T16:29:08.527Z [redis-streams] info: Redis Streams client disconnected
2026-01-10T16:29:08.598Z [redis-streams] info: Redis Streams client disconnected
2026-01-10T16:29:08.715Z [redis-streams] info: Redis Streams client disconnected
2026-01-10T16:29:08.718Z [redis-streams] warn: Attempted to add message to destroyed batcher {"streamName":"stream:test"}
2026-01-10T16:29:08.718Z [redis-streams] info: Redis Streams client disconnected
2026-01-10T16:29:08.784Z [redis-streams] info: Redis Streams client disconnected
2026-01-10T16:29:08.788Z [redis-streams] info: Redis Streams client disconnected
2026-01-10T16:29:08.945Z [redis-streams] info: Redis Streams client disconnected
2026-01-10T16:29:09.151Z [redis-streams] info: Redis Streams client disconnected
2026-01-10T16:29:09.154Z [redis-streams] info: Redis Streams client disconnected
2026-01-10T16:29:09.156Z [redis-streams] info: Redis Streams client disconnected
2026-01-10T16:29:09.159Z [redis-streams] info: Redis Streams client disconnected
2026-01-10T16:29:09.160Z [redis-streams] error: Error flushing batch {"error":{},"streamName":"stream:test","batchSize":5}
2026-01-10T16:29:09.162Z [redis-streams] error: XINFO error {"error":{},"streamName":"stream:price-updates"}
2026-01-10T16:29:09.162Z [redis-streams] info: Redis Streams client disconnected
2026-01-10T16:29:09.165Z [redis-streams] info: Redis Streams client disconnected
2026-01-10T16:29:09.406Z [redis-streams] info: Redis Streams client disconnected
2026-01-10T16:29:09.412Z [redis-streams] info: Redis Streams client disconnected
2026-01-10T16:29:36.017Z [redis-streams] info: Redis Streams client disconnected
2026-01-10T16:29:36.063Z [redis-streams] info: Redis Streams client disconnected
2026-01-10T16:29:36.117Z [redis-streams] info: Redis Streams client disconnected
2026-01-10T16:29:36.230Z [redis-streams] info: Redis Streams client disconnected
2026-01-10T16:29:36.238Z [redis-streams] info: Redis Streams client disconnected
2026-01-10T16:29:36.234Z [redis-streams] info: Redis Streams client disconnected
2026-01-10T16:29:36.242Z [redis-streams] info: Redis Streams client disconnected
2026-01-10T16:29:36.243Z [redis-streams] info: Consumer group created {"stream":"stream:test","group":"test-group"}
2026-01-10T16:29:36.256Z [redis-streams] info: Consumer group created {"stream":"stream:test","group":"existing-group"}
2026-01-10T16:29:36.266Z [redis-streams] info: Redis Streams client disconnected
2026-01-10T16:29:36.270Z [redis-streams] info: Redis Streams client disconnected
2026-01-10T16:29:36.255Z [redis-streams] info: Redis Streams client disconnected
2026-01-10T16:29:36.263Z [redis-streams] info: Redis Streams client disconnected
2026-01-10T16:29:36.273Z [redis-streams] info: Redis Streams client disconnected
2026-01-10T16:29:36.345Z [redis-streams] info: Redis Streams client disconnected
2026-01-10T16:29:36.470Z [redis-streams] info: Redis Streams client disconnected
2026-01-10T16:29:36.475Z [redis-streams] info: Redis Streams client disconnected
2026-01-10T16:29:36.476Z [redis-streams] warn: Attempted to add message to destroyed batcher {"streamName":"stream:test"}
2026-01-10T16:29:36.539Z [redis-streams] info: Redis Streams client disconnected
2026-01-10T16:29:36.543Z [redis-streams] info: Redis Streams client disconnected
2026-01-10T16:29:36.657Z [redis-streams] info: Redis Streams client disconnected
2026-01-10T16:29:36.877Z [redis-streams] info: Redis Streams client disconnected
2026-01-10T16:29:36.882Z [redis-streams] info: Redis Streams client disconnected
2026-01-10T16:29:36.885Z [redis-streams] info: Redis Streams client disconnected
2026-01-10T16:29:36.891Z [redis-streams] info: Redis Streams client disconnected
2026-01-10T16:29:36.892Z [redis-streams] error: Error flushing batch {"error":{},"streamName":"stream:test","batchSize":5}
2026-01-10T16:29:36.897Z [redis-streams] error: XINFO error {"error":{},"streamName":"stream:price-updates"}
2026-01-10T16:29:36.896Z [redis-streams] info: Redis Streams client disconnected
2026-01-10T16:29:36.905Z [redis-streams] info: Redis Streams client disconnected
2026-01-10T16:29:37.117Z [redis-streams] info: Redis Streams client disconnected
2026-01-10T16:29:37.125Z [redis-streams] info: Redis Streams client disconnected
2026-01-10T16:29:37.900Z [redis-streams] info: Redis Streams client disconnected
2026-01-10T16:29:37.908Z [redis-streams] info: Redis Streams client disconnected
2026-01-10T16:29:37.933Z [redis-streams] info: Redis Streams client disconnected
2026-01-10T16:29:37.936Z [redis-streams] info: Redis Streams client disconnected
2026-01-10T16:29:37.939Z [redis-streams] info: Redis Streams client disconnected
2026-01-10T16:29:37.942Z [redis-streams] info: Redis Streams client disconnected
2026-01-10T16:29:37.944Z [redis-streams] info: Redis Streams client disconnected
2026-01-10T16:29:37.949Z [redis-streams] info: Redis Streams client disconnected
2026-01-10T16:29:37.952Z [redis-streams] info: Consumer group created {"stream":"stream:test","group":"arbitrage-detectors"}
2026-01-10T16:29:37.956Z [redis-streams] info: Redis Streams client disconnected
2026-01-10T16:29:37.959Z [redis-streams] info: Consumer group created {"stream":"stream:test","group":"group-1"}
2026-01-10T16:29:37.962Z [redis-streams] info: Redis Streams client disconnected
2026-01-10T16:29:37.965Z [redis-streams] info: Redis Streams client disconnected
2026-01-10T16:29:37.967Z [redis-streams] info: Redis Streams client disconnected
2026-01-10T16:29:37.970Z [redis-streams] info: Redis Streams client disconnected
2026-01-10T16:29:37.976Z [redis-streams] info: Redis Streams client disconnected
2026-01-10T16:29:37.973Z [redis-streams] info: Redis Streams client disconnected
2026-01-10T16:29:37.978Z [redis-streams] info: Redis Streams client disconnected
2026-01-10T16:29:37.981Z [redis-streams] info: Redis Streams client disconnected
2026-01-10T16:29:37.984Z [redis-streams] info: Redis Streams client disconnected
2026-01-10T16:29:37.987Z [redis-streams] info: Redis Streams client disconnected
2026-01-10T16:29:37.989Z [redis-streams] info: Redis Streams client disconnected
2026-01-10T16:29:37.992Z [redis-streams] info: Redis Streams client disconnected
2026-01-10T16:29:37.953Z [redis-streams] info: Redis Streams client disconnected
2026-01-10T16:29:37.960Z [redis-streams] info: Redis Streams client disconnected
2026-01-10T16:29:38.010Z [redis-streams] info: Redis Streams client disconnected
2026-01-10T16:29:38.147Z [redis-streams] info: Redis Streams client disconnected
2026-01-10T16:29:38.165Z [redis-streams] info: Redis Streams client disconnected
2026-01-10T16:29:38.168Z [redis-streams] info: Redis Streams client disconnected
2026-01-10T16:29:38.281Z [redis-streams] info: Redis Streams client disconnected
2026-01-10T16:29:38.288Z [redis-streams] info: Redis Streams client disconnected
2026-01-10T16:29:38.284Z [redis-streams] info: Redis Streams client disconnected
2026-01-10T16:29:38.292Z [redis-streams] info: Redis Streams client disconnected
2026-01-10T16:30:06.313Z [redis-streams] info: Redis Streams client disconnected
2026-01-10T16:30:06.378Z [redis-streams] info: Redis Streams client disconnected
2026-01-10T16:30:06.342Z [redis-streams] info: Redis Streams client disconnected
2026-01-10T16:30:06.385Z [redis-streams] info: Redis Streams client disconnected
2026-01-10T16:30:06.382Z [redis-streams] info: Redis Streams client disconnected
2026-01-10T16:30:06.391Z [redis-streams] info: Redis Streams client disconnected
2026-01-10T16:30:06.388Z [redis-streams] info: Redis Streams client disconnected
2026-01-10T16:30:06.394Z [redis-streams] info: Redis Streams client disconnected
2026-01-10T16:30:06.397Z [redis-streams] info: Consumer group created {"stream":"stream:test","group":"arbitrage-detectors"}
2026-01-10T16:30:06.404Z [redis-streams] info: Consumer group created {"stream":"stream:test","group":"group-1"}
2026-01-10T16:30:06.407Z [redis-streams] info: Redis Streams client disconnected
2026-01-10T16:30:06.402Z [redis-streams] info: Redis Streams client disconnected
2026-01-10T16:30:06.410Z [redis-streams] info: Redis Streams client disconnected
2026-01-10T16:30:06.416Z [redis-streams] info: Redis Streams client disconnected
2026-01-10T16:30:06.413Z [redis-streams] info: Redis Streams client disconnected
2026-01-10T16:30:06.419Z [redis-streams] info: Redis Streams client disconnected
2026-01-10T16:30:06.421Z [redis-streams] info: Redis Streams client disconnected
2026-01-10T16:30:06.424Z [redis-streams] info: Redis Streams client disconnected
2026-01-10T16:30:06.428Z [redis-streams] info: Redis Streams client disconnected
2026-01-10T16:30:06.431Z [redis-streams] info: Redis Streams client disconnected
2026-01-10T16:30:06.426Z [redis-streams] info: Redis Streams client disconnected
2026-01-10T16:30:06.435Z [redis-streams] info: Redis Streams client disconnected
2026-01-10T16:30:06.438Z [redis-streams] info: Redis Streams client disconnected
2026-01-10T16:30:06.451Z [redis-streams] info: Redis Streams client disconnected
2026-01-10T16:30:06.398Z [redis-streams] info: Redis Streams client disconnected
2026-01-10T16:30:06.405Z [redis-streams] info: Redis Streams client disconnected
2026-01-10T16:30:06.562Z [redis-streams] info: Redis Streams client disconnected
2026-01-10T16:30:06.578Z [redis-streams] info: Redis Streams client disconnected
2026-01-10T16:30:06.582Z [redis-streams] info: Redis Streams client disconnected
2026-01-10T16:30:06.696Z [redis-streams] info: Redis Streams client disconnected
2026-01-10T16:30:06.699Z [redis-streams] info: Redis Streams client disconnected
2026-01-10T16:30:06.705Z [redis-streams] info: Redis Streams client disconnected
2026-01-10T16:30:06.702Z [redis-streams] info: Redis Streams client disconnected
2026-01-10T16:45:13.329Z [redis-streams] info: Redis Streams client disconnected
2026-01-10T16:45:13.356Z [redis-streams] info: Redis Streams client disconnected
2026-01-10T16:45:13.389Z [redis-streams] info: Redis Streams client disconnected
2026-01-10T16:45:13.508Z [redis-streams] info: Redis Streams client disconnected
2026-01-10T16:45:13.512Z [redis-streams] info: Redis Streams client disconnected
2026-01-10T16:45:13.515Z [redis-streams] info: Redis Streams client disconnected
2026-01-10T16:45:13.519Z [redis-streams] info: Consumer group created {"stream":"stream:test","group":"test-group"}
2026-01-10T16:45:13.518Z [redis-streams] info: Redis Streams client disconnected
2026-01-10T16:45:13.530Z [redis-streams] info: Consumer group created {"stream":"stream:test","group":"existing-group"}
2026-01-10T16:45:13.536Z [redis-streams] info: Redis Streams client disconnected
2026-01-10T16:45:13.538Z [redis-streams] info: Redis Streams client disconnected
2026-01-10T16:45:13.529Z [redis-streams] info: Redis Streams client disconnected
2026-01-10T16:45:13.541Z [redis-streams] info: Redis Streams client disconnected
2026-01-10T16:45:13.533Z [redis-streams] info: Redis Streams client disconnected
2026-01-10T16:45:13.598Z [redis-streams] info: Redis Streams client disconnected
2026-01-10T16:45:13.708Z [redis-streams] info: Redis Streams client disconnected
2026-01-10T16:45:13.711Z [redis-streams] info: Redis Streams client disconnected
2026-01-10T16:45:13.712Z [redis-streams] warn: Attempted to add message to destroyed batcher {"streamName":"stream:test"}
2026-01-10T16:45:13.766Z [redis-streams] info: Redis Streams client disconnected
2026-01-10T16:45:13.769Z [redis-streams] info: Redis Streams client disconnected
2026-01-10T16:45:13.875Z [redis-streams] info: Redis Streams client disconnected
2026-01-10T16:45:14.080Z [redis-streams] info: Redis Streams client disconnected
2026-01-10T16:45:14.083Z [redis-streams] info: Redis Streams client disconnected
2026-01-10T16:45:14.086Z [redis-streams] info: Redis Streams client disconnected
2026-01-10T16:45:14.089Z [redis-streams] info: Redis Streams client disconnected
2026-01-10T16:45:14.090Z [redis-streams] error: Error flushing batch {"error":{},"streamName":"stream:test","batchSize":5}
2026-01-10T16:45:14.093Z [redis-streams] error: XINFO error {"error":{},"streamName":"stream:price-updates"}
2026-01-10T16:45:14.092Z [redis-streams] info: Redis Streams client disconnected
2026-01-10T16:45:14.097Z [redis-streams] info: Redis Streams client disconnected
2026-01-10T16:45:14.315Z [redis-streams] info: Redis Streams client disconnected
2026-01-10T16:45:14.322Z [redis-streams] info: Redis Streams client disconnected
2026-01-10T16:45:38.007Z [redis-streams] info: Redis Streams client disconnected
2026-01-10T16:45:38.040Z [redis-streams] info: Redis Streams client disconnected
2026-01-10T16:45:38.082Z [redis-streams] info: Redis Streams client disconnected
2026-01-10T16:45:38.188Z [redis-streams] info: Redis Streams client disconnected
2026-01-10T16:45:38.193Z [redis-streams] info: Redis Streams client disconnected
2026-01-10T16:45:38.196Z [redis-streams] info: Redis Streams client disconnected
2026-01-10T16:45:38.200Z [redis-streams] info: Redis Streams client disconnected
2026-01-10T16:45:38.201Z [redis-streams] info: Consumer group created {"stream":"stream:test","group":"test-group"}
2026-01-10T16:45:38.213Z [redis-streams] info: Consumer group created {"stream":"stream:test","group":"existing-group"}
2026-01-10T16:45:38.221Z [redis-streams] info: Redis Streams client disconnected
2026-01-10T16:45:38.223Z [redis-streams] info: Redis Streams client disconnected
2026-01-10T16:45:38.226Z [redis-streams] info: Redis Streams client disconnected
2026-01-10T16:45:38.212Z [redis-streams] info: Redis Streams client disconnected
2026-01-10T16:45:38.217Z [redis-streams] info: Redis Streams client disconnected
2026-01-10T16:45:38.284Z [redis-streams] info: Redis Streams client disconnected
2026-01-10T16:45:38.400Z [redis-streams] info: Redis Streams client disconnected
2026-01-10T16:45:38.403Z [redis-streams] info: Redis Streams client disconnected
2026-01-10T16:45:38.404Z [redis-streams] warn: Attempted to add message to destroyed batcher {"streamName":"stream:test"}
2026-01-10T16:45:38.469Z [redis-streams] info: Redis Streams client disconnected
2026-01-10T16:45:38.471Z [redis-streams] info: Redis Streams client disconnected
2026-01-10T16:45:38.586Z [redis-streams] info: Redis Streams client disconnected
2026-01-10T16:45:38.794Z [redis-streams] info: Redis Streams client disconnected
2026-01-10T16:45:38.797Z [redis-streams] info: Redis Streams client disconnected
2026-01-10T16:45:38.799Z [redis-streams] info: Redis Streams client disconnected
2026-01-10T16:45:38.802Z [redis-streams] info: Redis Streams client disconnected
2026-01-10T16:45:38.803Z [redis-streams] error: Error flushing batch {"error":{},"streamName":"stream:test","batchSize":5}
2026-01-10T16:45:38.806Z [redis-streams] error: XINFO error {"error":{},"streamName":"stream:price-updates"}
2026-01-10T16:45:38.805Z [redis-streams] info: Redis Streams client disconnected
2026-01-10T16:45:38.811Z [redis-streams] info: Redis Streams client disconnected
2026-01-10T16:45:39.021Z [redis-streams] info: Redis Streams client disconnected
2026-01-10T16:45:39.026Z [redis-streams] info: Redis Streams client disconnected
