2026-01-13T22:59:50.476Z [distributed-lock] info: DistributedLockManager created {"instanceId":"lock-owner-VPDW-931G9I6-29252-1768345190476","config":{"keyPrefix":"lock:","defaultTtlMs":30000,"autoExtend":false,"autoExtendIntervalMs":10000}}
2026-01-13T22:59:50.463Z [distributed-lock] info: DistributedLockManager created {"instanceId":"lock-owner-VPDW-931G9I6-29252-1768345190462","config":{"keyPrefix":"lock:","defaultTtlMs":30000,"autoExtend":false,"autoExtendIntervalMs":10000}}
2026-01-13T22:59:50.480Z [distributed-lock] info: DistributedLockManager created {"instanceId":"lock-owner-VPDW-931G9I6-29252-1768345190480","config":{"keyPrefix":"lock:","defaultTtlMs":30000,"autoExtend":false,"autoExtendIntervalMs":10000}}
2026-01-13T22:59:50.483Z [distributed-lock] info: DistributedLockManager created {"instanceId":"lock-owner-VPDW-931G9I6-29252-1768345190483","config":{"keyPrefix":"lock:","defaultTtlMs":30000,"autoExtend":false,"autoExtendIntervalMs":10000}}
2026-01-13T22:59:50.477Z [distributed-lock] info: DistributedLockManager initialized
2026-01-13T22:59:50.471Z [distributed-lock] info: DistributedLockManager initialized
2026-01-13T22:59:50.480Z [distributed-lock] info: DistributedLockManager initialized
2026-01-13T22:59:50.484Z [distributed-lock] info: DistributedLockManager initialized
2026-01-13T22:59:50.496Z [distributed-lock] warn: Lock release skipped - not owner or already released {"key":"lock:concurrent:lock"}
2026-01-13T22:59:50.538Z [distributed-lock] info: DistributedLockManager created {"instanceId":"lock-owner-VPDW-931G9I6-29252-1768345190538","config":{"keyPrefix":"lock:","defaultTtlMs":30000,"autoExtend":false,"autoExtendIntervalMs":10000}}
2026-01-13T22:59:50.540Z [distributed-lock] info: DistributedLockManager initialized
2026-01-13T23:00:19.091Z [distributed-lock] info: DistributedLockManager created {"instanceId":"lock-owner-VPDW-931G9I6-13284-1768345219091","config":{"keyPrefix":"lock:","defaultTtlMs":30000,"autoExtend":false,"autoExtendIntervalMs":10000}}
2026-01-13T23:00:19.104Z [distributed-lock] info: DistributedLockManager created {"instanceId":"lock-owner-VPDW-931G9I6-13284-1768345219104","config":{"keyPrefix":"lock:","defaultTtlMs":30000,"autoExtend":false,"autoExtendIntervalMs":10000}}
2026-01-13T23:00:19.113Z [distributed-lock] info: DistributedLockManager created {"instanceId":"lock-owner-VPDW-931G9I6-13284-1768345219113","config":{"keyPrefix":"lock:","defaultTtlMs":30000,"autoExtend":false,"autoExtendIntervalMs":10000}}
2026-01-13T23:00:19.108Z [distributed-lock] info: DistributedLockManager created {"instanceId":"lock-owner-VPDW-931G9I6-13284-1768345219108","config":{"keyPrefix":"lock:","defaultTtlMs":30000,"autoExtend":false,"autoExtendIntervalMs":10000}}
2026-01-13T23:00:19.100Z [distributed-lock] info: DistributedLockManager initialized
2026-01-13T23:00:19.105Z [distributed-lock] info: DistributedLockManager initialized
2026-01-13T23:00:19.114Z [distributed-lock] info: DistributedLockManager initialized
2026-01-13T23:00:19.109Z [distributed-lock] info: DistributedLockManager initialized
2026-01-13T23:00:19.132Z [distributed-lock] warn: Lock release skipped - not owner or already released {"key":"lock:concurrent:lock"}
2026-01-13T23:00:19.185Z [distributed-lock] info: DistributedLockManager created {"instanceId":"lock-owner-VPDW-931G9I6-13284-1768345219185","config":{"keyPrefix":"lock:","defaultTtlMs":30000,"autoExtend":false,"autoExtendIntervalMs":10000}}
2026-01-13T23:00:19.186Z [distributed-lock] info: DistributedLockManager initialized
2026-01-13T23:00:19.243Z [distributed-lock] warn: Lock release skipped - not owner or already released {"key":"lock:service:startup"}
2026-01-13T23:00:19.247Z [distributed-lock] info: DistributedLockManager created {"instanceId":"lock-owner-VPDW-931G9I6-13284-1768345219247","config":{"keyPrefix":"lock:","defaultTtlMs":30000,"autoExtend":false,"autoExtendIntervalMs":10000}}
2026-01-13T23:00:19.248Z [distributed-lock] info: DistributedLockManager initialized
2026-01-13T23:00:19.274Z [distributed-lock] warn: Lock release skipped - not owner or already released {"key":"lock:opportunity:opp-123"}
2026-01-13T23:00:19.277Z [distributed-lock] info: DistributedLockManager created {"instanceId":"lock-owner-VPDW-931G9I6-13284-1768345219277","config":{"keyPrefix":"lock:","defaultTtlMs":30000,"autoExtend":false,"autoExtendIntervalMs":10000}}
2026-01-13T23:00:19.278Z [distributed-lock] info: DistributedLockManager initialized
2026-01-13T23:00:19.291Z [distributed-lock] warn: Lock release skipped - not owner or already released {"key":"lock:opportunity:opp-1"}
2026-01-13T23:00:19.292Z [distributed-lock] warn: Lock release skipped - not owner or already released {"key":"lock:opportunity:opp-2"}
2026-01-13T23:00:19.292Z [distributed-lock] warn: Lock release skipped - not owner or already released {"key":"lock:opportunity:opp-3"}
2026-01-13T23:00:19.303Z [distributed-lock] info: DistributedLockManager created {"instanceId":"lock-owner-VPDW-931G9I6-13284-1768345219303","config":{"keyPrefix":"lock:","defaultTtlMs":30000,"autoExtend":false,"autoExtendIntervalMs":10000}}
2026-01-13T23:00:19.304Z [distributed-lock] info: DistributedLockManager initialized
2026-01-13T23:00:19.304Z [distributed-lock] warn: Lock release skipped - not owner or already released {"key":"lock:perf:lock:0"}
2026-01-13T23:00:19.305Z [distributed-lock] warn: Lock release skipped - not owner or already released {"key":"lock:perf:lock:1"}
2026-01-13T23:00:19.305Z [distributed-lock] warn: Lock release skipped - not owner or already released {"key":"lock:perf:lock:2"}
2026-01-13T23:00:19.306Z [distributed-lock] warn: Lock release skipped - not owner or already released {"key":"lock:perf:lock:3"}
2026-01-13T23:00:19.307Z [distributed-lock] warn: Lock release skipped - not owner or already released {"key":"lock:perf:lock:4"}
2026-01-13T23:00:19.308Z [distributed-lock] warn: Lock release skipped - not owner or already released {"key":"lock:perf:lock:5"}
2026-01-13T23:00:19.309Z [distributed-lock] warn: Lock release skipped - not owner or already released {"key":"lock:perf:lock:6"}
2026-01-13T23:00:19.309Z [distributed-lock] warn: Lock release skipped - not owner or already released {"key":"lock:perf:lock:7"}
2026-01-13T23:00:19.310Z [distributed-lock] warn: Lock release skipped - not owner or already released {"key":"lock:perf:lock:8"}
2026-01-13T23:00:19.310Z [distributed-lock] warn: Lock release skipped - not owner or already released {"key":"lock:perf:lock:9"}
2026-01-13T23:00:19.311Z [distributed-lock] warn: Lock release skipped - not owner or already released {"key":"lock:perf:lock:10"}
2026-01-13T23:00:19.312Z [distributed-lock] warn: Lock release skipped - not owner or already released {"key":"lock:perf:lock:11"}
2026-01-13T23:00:19.312Z [distributed-lock] warn: Lock release skipped - not owner or already released {"key":"lock:perf:lock:12"}
2026-01-13T23:00:19.313Z [distributed-lock] warn: Lock release skipped - not owner or already released {"key":"lock:perf:lock:13"}
2026-01-13T23:00:19.313Z [distributed-lock] warn: Lock release skipped - not owner or already released {"key":"lock:perf:lock:14"}
2026-01-13T23:00:19.314Z [distributed-lock] warn: Lock release skipped - not owner or already released {"key":"lock:perf:lock:15"}
2026-01-13T23:00:19.314Z [distributed-lock] warn: Lock release skipped - not owner or already released {"key":"lock:perf:lock:16"}
2026-01-13T23:00:19.315Z [distributed-lock] warn: Lock release skipped - not owner or already released {"key":"lock:perf:lock:17"}
2026-01-13T23:00:19.315Z [distributed-lock] warn: Lock release skipped - not owner or already released {"key":"lock:perf:lock:18"}
2026-01-13T23:00:19.316Z [distributed-lock] warn: Lock release skipped - not owner or already released {"key":"lock:perf:lock:19"}
2026-01-13T23:00:19.316Z [distributed-lock] warn: Lock release skipped - not owner or already released {"key":"lock:perf:lock:20"}
2026-01-13T23:00:19.317Z [distributed-lock] warn: Lock release skipped - not owner or already released {"key":"lock:perf:lock:21"}
2026-01-13T23:00:19.318Z [distributed-lock] warn: Lock release skipped - not owner or already released {"key":"lock:perf:lock:22"}
2026-01-13T23:00:19.318Z [distributed-lock] warn: Lock release skipped - not owner or already released {"key":"lock:perf:lock:23"}
2026-01-13T23:00:19.318Z [distributed-lock] warn: Lock release skipped - not owner or already released {"key":"lock:perf:lock:24"}
2026-01-13T23:00:19.319Z [distributed-lock] warn: Lock release skipped - not owner or already released {"key":"lock:perf:lock:25"}
2026-01-13T23:00:19.319Z [distributed-lock] warn: Lock release skipped - not owner or already released {"key":"lock:perf:lock:26"}
2026-01-13T23:00:19.319Z [distributed-lock] warn: Lock release skipped - not owner or already released {"key":"lock:perf:lock:27"}
2026-01-13T23:00:19.320Z [distributed-lock] warn: Lock release skipped - not owner or already released {"key":"lock:perf:lock:28"}
2026-01-13T23:00:19.320Z [distributed-lock] warn: Lock release skipped - not owner or already released {"key":"lock:perf:lock:29"}
2026-01-13T23:00:19.320Z [distributed-lock] warn: Lock release skipped - not owner or already released {"key":"lock:perf:lock:30"}
2026-01-13T23:00:19.321Z [distributed-lock] warn: Lock release skipped - not owner or already released {"key":"lock:perf:lock:31"}
2026-01-13T23:00:19.322Z [distributed-lock] warn: Lock release skipped - not owner or already released {"key":"lock:perf:lock:32"}
2026-01-13T23:00:19.323Z [distributed-lock] warn: Lock release skipped - not owner or already released {"key":"lock:perf:lock:33"}
2026-01-13T23:00:19.324Z [distributed-lock] warn: Lock release skipped - not owner or already released {"key":"lock:perf:lock:34"}
2026-01-13T23:00:19.324Z [distributed-lock] warn: Lock release skipped - not owner or already released {"key":"lock:perf:lock:35"}
2026-01-13T23:00:19.325Z [distributed-lock] warn: Lock release skipped - not owner or already released {"key":"lock:perf:lock:36"}
2026-01-13T23:00:19.326Z [distributed-lock] warn: Lock release skipped - not owner or already released {"key":"lock:perf:lock:37"}
2026-01-13T23:00:19.326Z [distributed-lock] warn: Lock release skipped - not owner or already released {"key":"lock:perf:lock:38"}
2026-01-13T23:00:19.327Z [distributed-lock] warn: Lock release skipped - not owner or already released {"key":"lock:perf:lock:39"}
2026-01-13T23:00:19.328Z [distributed-lock] warn: Lock release skipped - not owner or already released {"key":"lock:perf:lock:40"}
2026-01-13T23:00:19.329Z [distributed-lock] warn: Lock release skipped - not owner or already released {"key":"lock:perf:lock:41"}
2026-01-13T23:00:19.329Z [distributed-lock] warn: Lock release skipped - not owner or already released {"key":"lock:perf:lock:42"}
2026-01-13T23:00:19.330Z [distributed-lock] warn: Lock release skipped - not owner or already released {"key":"lock:perf:lock:43"}
2026-01-13T23:00:19.331Z [distributed-lock] warn: Lock release skipped - not owner or already released {"key":"lock:perf:lock:44"}
2026-01-13T23:00:19.332Z [distributed-lock] warn: Lock release skipped - not owner or already released {"key":"lock:perf:lock:45"}
2026-01-13T23:00:19.333Z [distributed-lock] warn: Lock release skipped - not owner or already released {"key":"lock:perf:lock:46"}
2026-01-13T23:00:19.334Z [distributed-lock] warn: Lock release skipped - not owner or already released {"key":"lock:perf:lock:47"}
2026-01-13T23:00:19.334Z [distributed-lock] warn: Lock release skipped - not owner or already released {"key":"lock:perf:lock:48"}
2026-01-13T23:00:19.335Z [distributed-lock] warn: Lock release skipped - not owner or already released {"key":"lock:perf:lock:49"}
2026-01-13T23:00:19.336Z [distributed-lock] warn: Lock release skipped - not owner or already released {"key":"lock:perf:lock:50"}
2026-01-13T23:00:19.336Z [distributed-lock] warn: Lock release skipped - not owner or already released {"key":"lock:perf:lock:51"}
2026-01-13T23:00:19.337Z [distributed-lock] warn: Lock release skipped - not owner or already released {"key":"lock:perf:lock:52"}
2026-01-13T23:00:19.338Z [distributed-lock] warn: Lock release skipped - not owner or already released {"key":"lock:perf:lock:53"}
2026-01-13T23:00:19.339Z [distributed-lock] warn: Lock release skipped - not owner or already released {"key":"lock:perf:lock:54"}
2026-01-13T23:00:19.340Z [distributed-lock] warn: Lock release skipped - not owner or already released {"key":"lock:perf:lock:55"}
2026-01-13T23:00:19.342Z [distributed-lock] warn: Lock release skipped - not owner or already released {"key":"lock:perf:lock:56"}
2026-01-13T23:00:19.343Z [distributed-lock] warn: Lock release skipped - not owner or already released {"key":"lock:perf:lock:57"}
2026-01-13T23:00:19.343Z [distributed-lock] warn: Lock release skipped - not owner or already released {"key":"lock:perf:lock:58"}
2026-01-13T23:00:19.344Z [distributed-lock] warn: Lock release skipped - not owner or already released {"key":"lock:perf:lock:59"}
2026-01-13T23:00:19.345Z [distributed-lock] warn: Lock release skipped - not owner or already released {"key":"lock:perf:lock:60"}
2026-01-13T23:00:19.346Z [distributed-lock] warn: Lock release skipped - not owner or already released {"key":"lock:perf:lock:61"}
2026-01-13T23:00:19.346Z [distributed-lock] warn: Lock release skipped - not owner or already released {"key":"lock:perf:lock:62"}
2026-01-13T23:00:19.347Z [distributed-lock] warn: Lock release skipped - not owner or already released {"key":"lock:perf:lock:63"}
2026-01-13T23:00:19.348Z [distributed-lock] warn: Lock release skipped - not owner or already released {"key":"lock:perf:lock:64"}
2026-01-13T23:00:19.349Z [distributed-lock] warn: Lock release skipped - not owner or already released {"key":"lock:perf:lock:65"}
2026-01-13T23:00:19.350Z [distributed-lock] warn: Lock release skipped - not owner or already released {"key":"lock:perf:lock:66"}
2026-01-13T23:00:19.350Z [distributed-lock] warn: Lock release skipped - not owner or already released {"key":"lock:perf:lock:67"}
2026-01-13T23:00:19.351Z [distributed-lock] warn: Lock release skipped - not owner or already released {"key":"lock:perf:lock:68"}
2026-01-13T23:00:19.352Z [distributed-lock] warn: Lock release skipped - not owner or already released {"key":"lock:perf:lock:69"}
2026-01-13T23:00:19.352Z [distributed-lock] warn: Lock release skipped - not owner or already released {"key":"lock:perf:lock:70"}
2026-01-13T23:00:19.353Z [distributed-lock] warn: Lock release skipped - not owner or already released {"key":"lock:perf:lock:71"}
2026-01-13T23:00:19.353Z [distributed-lock] warn: Lock release skipped - not owner or already released {"key":"lock:perf:lock:72"}
2026-01-13T23:00:19.354Z [distributed-lock] warn: Lock release skipped - not owner or already released {"key":"lock:perf:lock:73"}
2026-01-13T23:00:19.354Z [distributed-lock] warn: Lock release skipped - not owner or already released {"key":"lock:perf:lock:74"}
2026-01-13T23:00:19.355Z [distributed-lock] warn: Lock release skipped - not owner or already released {"key":"lock:perf:lock:75"}
2026-01-13T23:00:19.356Z [distributed-lock] warn: Lock release skipped - not owner or already released {"key":"lock:perf:lock:76"}
2026-01-13T23:00:19.356Z [distributed-lock] warn: Lock release skipped - not owner or already released {"key":"lock:perf:lock:77"}
2026-01-13T23:00:19.357Z [distributed-lock] warn: Lock release skipped - not owner or already released {"key":"lock:perf:lock:78"}
2026-01-13T23:00:19.357Z [distributed-lock] warn: Lock release skipped - not owner or already released {"key":"lock:perf:lock:79"}
2026-01-13T23:00:19.358Z [distributed-lock] warn: Lock release skipped - not owner or already released {"key":"lock:perf:lock:80"}
2026-01-13T23:00:19.358Z [distributed-lock] warn: Lock release skipped - not owner or already released {"key":"lock:perf:lock:81"}
2026-01-13T23:00:19.359Z [distributed-lock] warn: Lock release skipped - not owner or already released {"key":"lock:perf:lock:82"}
2026-01-13T23:00:19.359Z [distributed-lock] warn: Lock release skipped - not owner or already released {"key":"lock:perf:lock:83"}
2026-01-13T23:00:19.360Z [distributed-lock] warn: Lock release skipped - not owner or already released {"key":"lock:perf:lock:84"}
2026-01-13T23:00:19.361Z [distributed-lock] warn: Lock release skipped - not owner or already released {"key":"lock:perf:lock:85"}
2026-01-13T23:00:19.362Z [distributed-lock] warn: Lock release skipped - not owner or already released {"key":"lock:perf:lock:86"}
2026-01-13T23:00:19.362Z [distributed-lock] warn: Lock release skipped - not owner or already released {"key":"lock:perf:lock:87"}
2026-01-13T23:00:19.363Z [distributed-lock] warn: Lock release skipped - not owner or already released {"key":"lock:perf:lock:88"}
2026-01-13T23:00:19.363Z [distributed-lock] warn: Lock release skipped - not owner or already released {"key":"lock:perf:lock:89"}
2026-01-13T23:00:19.364Z [distributed-lock] warn: Lock release skipped - not owner or already released {"key":"lock:perf:lock:90"}
2026-01-13T23:00:19.365Z [distributed-lock] warn: Lock release skipped - not owner or already released {"key":"lock:perf:lock:91"}
2026-01-13T23:00:19.365Z [distributed-lock] warn: Lock release skipped - not owner or already released {"key":"lock:perf:lock:92"}
2026-01-13T23:00:19.366Z [distributed-lock] warn: Lock release skipped - not owner or already released {"key":"lock:perf:lock:93"}
2026-01-13T23:00:19.367Z [distributed-lock] warn: Lock release skipped - not owner or already released {"key":"lock:perf:lock:94"}
2026-01-13T23:00:19.368Z [distributed-lock] warn: Lock release skipped - not owner or already released {"key":"lock:perf:lock:95"}
2026-01-13T23:00:19.368Z [distributed-lock] warn: Lock release skipped - not owner or already released {"key":"lock:perf:lock:96"}
2026-01-13T23:00:19.369Z [distributed-lock] warn: Lock release skipped - not owner or already released {"key":"lock:perf:lock:97"}
2026-01-13T23:00:19.370Z [distributed-lock] warn: Lock release skipped - not owner or already released {"key":"lock:perf:lock:98"}
2026-01-13T23:00:19.371Z [distributed-lock] warn: Lock release skipped - not owner or already released {"key":"lock:perf:lock:99"}
