2026-01-13T22:59:49.520Z [price-matrix] info: PriceMatrix initialized {"maxPairs":1000,"totalSlots":1100,"useSharedMemory":true}
2026-01-13T22:59:49.553Z [price-matrix] info: PriceMatrix destroyed
2026-01-13T22:59:49.556Z [price-matrix] info: PriceMatrix initialized {"maxPairs":1000,"totalSlots":1100,"useSharedMemory":true}
2026-01-13T22:59:49.558Z [price-matrix] info: PriceMatrix destroyed
2026-01-13T22:59:49.560Z [price-matrix] info: PriceMatrix initialized {"maxPairs":1000,"totalSlots":1100,"useSharedMemory":true}
2026-01-13T22:59:49.562Z [price-matrix] info: PriceMatrix destroyed
2026-01-13T22:59:49.564Z [price-matrix] info: PriceMatrix initialized {"maxPairs":1000,"totalSlots":1100,"useSharedMemory":true}
2026-01-13T22:59:49.564Z [price-matrix] info: PriceMatrix initialized {"maxPairs":500,"totalSlots":550,"useSharedMemory":true}
2026-01-13T22:59:49.565Z [price-matrix] info: PriceMatrix destroyed
2026-01-13T22:59:49.566Z [price-matrix] info: PriceMatrix destroyed
2026-01-13T22:59:49.567Z [price-matrix] info: PriceMatrix initialized {"maxPairs":1000,"totalSlots":1100,"useSharedMemory":true}
2026-01-13T22:59:49.568Z [price-matrix] info: PriceMatrix destroyed
2026-01-13T22:59:49.576Z [price-matrix] info: PriceMatrix initialized {"maxPairs":1000,"totalSlots":1100,"useSharedMemory":true}
2026-01-13T22:59:49.577Z [price-matrix] info: PriceMatrix destroyed
2026-01-13T22:59:49.579Z [price-matrix] info: PriceMatrix initialized {"maxPairs":1000,"totalSlots":1100,"useSharedMemory":true}
2026-01-13T22:59:49.580Z [price-matrix] info: PriceMatrix destroyed
2026-01-13T22:59:49.582Z [price-matrix] info: PriceMatrix initialized {"maxPairs":1000,"totalSlots":1100,"useSharedMemory":true}
2026-01-13T22:59:49.584Z [price-matrix] info: PriceMatrix destroyed
2026-01-13T22:59:49.585Z [price-matrix] info: PriceMatrix initialized {"maxPairs":1000,"totalSlots":1100,"useSharedMemory":true}
2026-01-13T22:59:49.587Z [price-matrix] info: PriceMatrix destroyed
2026-01-13T22:59:49.588Z [price-matrix] info: PriceMatrix initialized {"maxPairs":1000,"totalSlots":1100,"useSharedMemory":true}
2026-01-13T22:59:49.589Z [price-matrix] info: PriceMatrix destroyed
2026-01-13T22:59:49.591Z [price-matrix] info: PriceMatrix initialized {"maxPairs":1000,"totalSlots":1100,"useSharedMemory":true}
2026-01-13T22:59:49.592Z [price-matrix] info: PriceMatrix destroyed
2026-01-13T22:59:49.594Z [price-matrix] info: PriceMatrix initialized {"maxPairs":1000,"totalSlots":1100,"useSharedMemory":true}
2026-01-13T22:59:49.595Z [price-matrix] info: PriceMatrix destroyed
2026-01-13T22:59:49.596Z [price-matrix] info: PriceMatrix initialized {"maxPairs":1000,"totalSlots":1100,"useSharedMemory":true}
2026-01-13T22:59:49.598Z [price-matrix] info: PriceMatrix destroyed
2026-01-13T22:59:49.599Z [price-matrix] info: PriceMatrix initialized {"maxPairs":1000,"totalSlots":1100,"useSharedMemory":true}
2026-01-13T22:59:49.600Z [price-matrix] info: PriceMatrix destroyed
2026-01-13T22:59:49.601Z [price-matrix] info: PriceMatrix initialized {"maxPairs":1000,"totalSlots":1100,"useSharedMemory":true}
2026-01-13T22:59:49.602Z [price-matrix] info: PriceMatrix initialized {"maxPairs":1000,"totalSlots":1100,"useSharedMemory":true}
2026-01-13T22:59:49.602Z [price-matrix] info: PriceMatrix destroyed
2026-01-13T22:59:49.603Z [price-matrix] info: PriceMatrix destroyed
2026-01-13T22:59:49.604Z [price-matrix] info: PriceMatrix initialized {"maxPairs":1000,"totalSlots":1100,"useSharedMemory":true}
2026-01-13T22:59:49.605Z [price-matrix] info: PriceMatrix destroyed
2026-01-13T22:59:49.607Z [price-matrix] info: PriceMatrix initialized {"maxPairs":1000,"totalSlots":1100,"useSharedMemory":true}
2026-01-13T22:59:49.608Z [price-matrix] info: PriceMatrix destroyed
2026-01-13T22:59:49.610Z [price-matrix] info: PriceMatrix initialized {"maxPairs":1000,"totalSlots":1100,"useSharedMemory":true}
2026-01-13T22:59:49.610Z [price-matrix] info: PriceMatrix destroyed
2026-01-13T22:59:49.611Z [price-matrix] info: PriceMatrix initialized {"maxPairs":1000,"totalSlots":1100,"useSharedMemory":true}
2026-01-13T22:59:49.619Z [price-matrix] info: PriceMatrix destroyed
2026-01-13T22:59:49.620Z [price-matrix] info: PriceMatrix initialized {"maxPairs":1000,"totalSlots":1100,"useSharedMemory":true}
2026-01-13T22:59:49.621Z [price-matrix] info: PriceMatrix destroyed
2026-01-13T22:59:49.622Z [price-matrix] info: PriceMatrix initialized {"maxPairs":1000,"totalSlots":1100,"useSharedMemory":true}
2026-01-13T22:59:49.624Z [price-matrix] info: PriceMatrix destroyed
2026-01-13T22:59:49.625Z [price-matrix] info: PriceMatrix initialized {"maxPairs":1000,"totalSlots":1100,"useSharedMemory":true}
2026-01-13T22:59:49.625Z [price-matrix] info: PriceMatrix destroyed
2026-01-13T22:59:49.626Z [price-matrix] info: PriceMatrix initialized {"maxPairs":1000,"totalSlots":1100,"useSharedMemory":true}
2026-01-13T22:59:49.627Z [price-matrix] info: PriceMatrix destroyed
2026-01-13T22:59:49.628Z [price-matrix] info: PriceMatrix initialized {"maxPairs":1000,"totalSlots":1100,"useSharedMemory":true}
2026-01-13T22:59:49.629Z [price-matrix] info: PriceMatrix destroyed
2026-01-13T22:59:49.630Z [price-matrix] info: PriceMatrix initialized {"maxPairs":1000,"totalSlots":1100,"useSharedMemory":true}
2026-01-13T22:59:49.630Z [price-matrix] info: PriceMatrix initialized {"maxPairs":10,"totalSlots":110,"useSharedMemory":true}
2026-01-13T22:59:49.631Z [price-matrix] warn: PriceMatrix maxPairs limit reached, ignoring new key {"key":"bsc:pancakeswap:0xpair0010"}
2026-01-13T22:59:49.631Z [price-matrix] warn: PriceMatrix maxPairs limit reached, ignoring new key {"key":"bsc:pancakeswap:0xpair0011"}
2026-01-13T22:59:49.631Z [price-matrix] warn: PriceMatrix maxPairs limit reached, ignoring new key {"key":"bsc:pancakeswap:0xpair0012"}
2026-01-13T22:59:49.632Z [price-matrix] warn: PriceMatrix maxPairs limit reached, ignoring new key {"key":"bsc:pancakeswap:0xpair0013"}
2026-01-13T22:59:49.632Z [price-matrix] warn: PriceMatrix maxPairs limit reached, ignoring new key {"key":"bsc:pancakeswap:0xpair0014"}
2026-01-13T22:59:49.633Z [price-matrix] warn: PriceMatrix maxPairs limit reached, ignoring new key {"key":"bsc:pancakeswap:0xpair0015"}
2026-01-13T22:59:49.633Z [price-matrix] warn: PriceMatrix maxPairs limit reached, ignoring new key {"key":"bsc:pancakeswap:0xpair0016"}
2026-01-13T22:59:49.633Z [price-matrix] warn: PriceMatrix maxPairs limit reached, ignoring new key {"key":"bsc:pancakeswap:0xpair0017"}
2026-01-13T22:59:49.634Z [price-matrix] warn: PriceMatrix maxPairs limit reached, ignoring new key {"key":"bsc:pancakeswap:0xpair0018"}
2026-01-13T22:59:49.634Z [price-matrix] warn: PriceMatrix maxPairs limit reached, ignoring new key {"key":"bsc:pancakeswap:0xpair0019"}
2026-01-13T22:59:49.635Z [price-matrix] info: PriceMatrix destroyed
2026-01-13T22:59:49.635Z [price-matrix] info: PriceMatrix destroyed
2026-01-13T22:59:49.636Z [price-matrix] info: PriceMatrix initialized {"maxPairs":1000,"totalSlots":1100,"useSharedMemory":true}
2026-01-13T22:59:49.637Z [price-matrix] info: PriceMatrix destroyed
2026-01-13T22:59:49.638Z [price-matrix] info: PriceMatrix initialized {"maxPairs":1000,"totalSlots":1100,"useSharedMemory":true}
2026-01-13T22:59:49.640Z [price-matrix] info: PriceMatrix destroyed
2026-01-13T22:59:49.641Z [price-matrix] info: PriceMatrix initialized {"maxPairs":1000,"totalSlots":1100,"useSharedMemory":true}
2026-01-13T22:59:49.642Z [price-matrix] info: PriceMatrix destroyed
2026-01-13T22:59:49.643Z [price-matrix] info: PriceMatrix initialized {"maxPairs":1000,"totalSlots":1100,"useSharedMemory":true}
2026-01-13T22:59:49.644Z [price-matrix] info: PriceMatrix destroyed
2026-01-13T22:59:49.645Z [price-matrix] info: PriceMatrix initialized {"maxPairs":1000,"totalSlots":1100,"useSharedMemory":true}
2026-01-13T22:59:49.646Z [price-matrix] info: PriceMatrix initialized {"maxPairs":1000,"totalSlots":1100,"useSharedMemory":true}
2026-01-13T22:59:49.647Z [price-matrix] info: PriceMatrix destroyed
2026-01-13T22:59:49.648Z [price-matrix] info: PriceMatrix destroyed
2026-01-13T22:59:49.649Z [price-matrix] info: PriceMatrix initialized {"maxPairs":1000,"totalSlots":1100,"useSharedMemory":true}
2026-01-13T22:59:49.649Z [price-matrix] info: PriceMatrix initialized {"maxPairs":1000,"totalSlots":1100,"useSharedMemory":true}
2026-01-13T22:59:49.650Z [price-matrix] info: PriceMatrix destroyed
2026-01-13T22:59:49.651Z [price-matrix] info: PriceMatrix initialized {"maxPairs":1000,"totalSlots":1100,"useSharedMemory":true}
2026-01-13T22:59:49.651Z [price-matrix] info: PriceMatrix destroyed
2026-01-13T22:59:49.653Z [price-matrix] warn: PriceIndexMapper: All slots used, using hash-based index (potential collision) {"key":"key10","hashIndex":2,"maxIndex":10}
2026-01-13T22:59:49.654Z [price-matrix] warn: PriceIndexMapper: All slots used, using hash-based index (potential collision) {"key":"key11","hashIndex":2,"maxIndex":10}
2026-01-13T22:59:49.655Z [price-matrix] warn: PriceIndexMapper: All slots used, using hash-based index (potential collision) {"key":"key12","hashIndex":0,"maxIndex":10}
2026-01-13T22:59:49.655Z [price-matrix] warn: PriceIndexMapper: All slots used, using hash-based index (potential collision) {"key":"key13","hashIndex":8,"maxIndex":10}
2026-01-13T22:59:49.655Z [price-matrix] warn: PriceIndexMapper: All slots used, using hash-based index (potential collision) {"key":"key14","hashIndex":6,"maxIndex":10}
2026-01-13T22:59:49.656Z [price-matrix] warn: PriceIndexMapper: All slots used, using hash-based index (potential collision) {"key":"key15","hashIndex":6,"maxIndex":10}
2026-01-13T22:59:49.656Z [price-matrix] warn: PriceIndexMapper: All slots used, using hash-based index (potential collision) {"key":"key16","hashIndex":4,"maxIndex":10}
2026-01-13T22:59:49.657Z [price-matrix] warn: PriceIndexMapper: All slots used, using hash-based index (potential collision) {"key":"key17","hashIndex":2,"maxIndex":10}
2026-01-13T22:59:49.657Z [price-matrix] warn: PriceIndexMapper: All slots used, using hash-based index (potential collision) {"key":"key18","hashIndex":0,"maxIndex":10}
2026-01-13T22:59:49.658Z [price-matrix] warn: PriceIndexMapper: All slots used, using hash-based index (potential collision) {"key":"key19","hashIndex":0,"maxIndex":10}
2026-01-13T22:59:49.660Z [price-matrix] info: PriceMatrix destroyed
2026-01-13T22:59:49.660Z [price-matrix] info: PriceMatrix initialized {"maxPairs":1000,"totalSlots":1100,"useSharedMemory":true}
2026-01-13T22:59:49.662Z [price-matrix] info: PriceMatrix destroyed
2026-01-13T22:59:49.663Z [price-matrix] info: PriceMatrix initialized {"maxPairs":1000,"totalSlots":1100,"useSharedMemory":true}
2026-01-13T22:59:49.670Z [price-matrix] info: PriceMatrix destroyed
2026-01-13T22:59:49.673Z [price-matrix] info: PriceMatrix initialized {"maxPairs":1000,"totalSlots":1100,"useSharedMemory":true}
2026-01-13T22:59:49.675Z [price-matrix] info: PriceMatrix destroyed
2026-01-13T22:59:49.677Z [price-matrix] info: PriceMatrix initialized {"maxPairs":1000,"totalSlots":1100,"useSharedMemory":true}
2026-01-13T22:59:49.680Z [price-matrix] info: PriceMatrix destroyed
2026-01-13T22:59:49.681Z [price-matrix] info: PriceMatrix initialized {"maxPairs":1000,"totalSlots":1100,"useSharedMemory":true}
2026-01-13T22:59:49.683Z [price-matrix] info: PriceMatrix destroyed
2026-01-13T22:59:49.684Z [price-matrix] info: PriceMatrix initialized {"maxPairs":1000,"totalSlots":1100,"useSharedMemory":true}
2026-01-13T22:59:49.685Z [price-matrix] info: PriceMatrix destroyed
2026-01-13T22:59:49.686Z [price-matrix] info: PriceMatrix initialized {"maxPairs":1000,"totalSlots":1100,"useSharedMemory":true}
2026-01-13T22:59:49.687Z [price-matrix] info: PriceMatrix destroyed
2026-01-13T22:59:49.688Z [price-matrix] info: PriceMatrix initialized {"maxPairs":1000,"totalSlots":1100,"useSharedMemory":true}
2026-01-13T22:59:49.688Z [price-matrix] info: PriceMatrix destroyed
2026-01-13T22:59:49.690Z [price-matrix] info: PriceMatrix initialized {"maxPairs":1000,"totalSlots":1100,"useSharedMemory":true}
2026-01-13T22:59:49.691Z [price-matrix] info: PriceMatrix destroyed
2026-01-13T22:59:49.692Z [price-matrix] info: PriceMatrix initialized {"maxPairs":1000,"totalSlots":1100,"useSharedMemory":true}
2026-01-13T22:59:49.693Z [price-matrix] info: PriceMatrix destroyed
2026-01-13T22:59:49.694Z [price-matrix] info: PriceMatrix initialized {"maxPairs":1000,"totalSlots":1100,"useSharedMemory":true}
2026-01-13T22:59:49.694Z [price-matrix] info: PriceMatrix destroyed
2026-01-13T22:59:49.696Z [price-matrix] info: PriceMatrix initialized {"maxPairs":1000,"totalSlots":1100,"useSharedMemory":true}
2026-01-13T22:59:49.705Z [price-matrix] info: PriceMatrix destroyed
2026-01-13T22:59:49.707Z [price-matrix] info: PriceMatrix initialized {"maxPairs":1000,"totalSlots":1100,"useSharedMemory":true}
2026-01-13T22:59:49.708Z [price-matrix] info: PriceMatrix destroyed
2026-01-13T22:59:49.709Z [price-matrix] info: PriceMatrix initialized {"maxPairs":1000,"totalSlots":1100,"useSharedMemory":true}
2026-01-13T22:59:49.710Z [price-matrix] info: PriceMatrix destroyed
2026-01-13T22:59:49.711Z [price-matrix] info: PriceMatrix initialized {"maxPairs":1000,"totalSlots":1100,"useSharedMemory":true}
2026-01-13T22:59:49.711Z [price-matrix] info: PriceMatrix destroyed
2026-01-13T22:59:49.712Z [price-matrix] warn: setPrice called on destroyed PriceMatrix
2026-01-13T22:59:49.714Z [price-matrix] info: PriceMatrix initialized {"maxPairs":1000,"totalSlots":1100,"useSharedMemory":true}
2026-01-13T22:59:49.715Z [price-matrix] info: PriceMatrix destroyed
2026-01-13T22:59:49.716Z [price-matrix] info: PriceMatrix initialized {"maxPairs":1000,"totalSlots":1100,"useSharedMemory":true}
2026-01-13T22:59:49.717Z [price-matrix] info: PriceMatrix destroyed
2026-01-13T22:59:49.718Z [price-matrix] info: PriceMatrix initialized {"maxPairs":1000,"totalSlots":1100,"useSharedMemory":true}
2026-01-13T22:59:49.746Z [price-matrix] info: PriceMatrix destroyed
2026-01-13T22:59:49.747Z [price-matrix] info: PriceMatrix initialized {"maxPairs":1000,"totalSlots":1100,"useSharedMemory":true}
2026-01-13T22:59:49.749Z [price-matrix] info: PriceMatrix destroyed
2026-01-13T22:59:49.751Z [price-matrix] info: PriceMatrix initialized {"maxPairs":1000,"totalSlots":1100,"useSharedMemory":true}
2026-01-13T22:59:49.752Z [price-matrix] info: PriceMatrix initialized {"maxPairs":1000,"totalSlots":1000,"useSharedMemory":true}
2026-01-13T22:59:49.753Z [price-matrix] info: PriceMatrix destroyed
2026-01-13T22:59:49.754Z [price-matrix] info: PriceMatrix destroyed
2026-01-13T22:59:49.756Z [price-matrix] info: PriceMatrix initialized {"maxPairs":1000,"totalSlots":1100,"useSharedMemory":true}
2026-01-13T22:59:49.758Z [price-matrix] info: PriceMatrix destroyed
2026-01-13T22:59:49.760Z [price-matrix] info: PriceMatrix initialized {"maxPairs":1000,"totalSlots":1100,"useSharedMemory":true}
2026-01-13T22:59:49.760Z [price-matrix] info: PriceMatrix destroyed
2026-01-13T23:00:18.231Z [price-matrix] info: PriceMatrix initialized {"maxPairs":1000,"totalSlots":1100,"useSharedMemory":true}
2026-01-13T23:00:18.263Z [price-matrix] info: PriceMatrix destroyed
2026-01-13T23:00:18.265Z [price-matrix] info: PriceMatrix initialized {"maxPairs":1000,"totalSlots":1100,"useSharedMemory":true}
2026-01-13T23:00:18.266Z [price-matrix] info: PriceMatrix destroyed
2026-01-13T23:00:18.276Z [price-matrix] info: PriceMatrix initialized {"maxPairs":1000,"totalSlots":1100,"useSharedMemory":true}
2026-01-13T23:00:18.278Z [price-matrix] info: PriceMatrix destroyed
2026-01-13T23:00:18.280Z [price-matrix] info: PriceMatrix initialized {"maxPairs":1000,"totalSlots":1100,"useSharedMemory":true}
2026-01-13T23:00:18.281Z [price-matrix] info: PriceMatrix initialized {"maxPairs":500,"totalSlots":550,"useSharedMemory":true}
2026-01-13T23:00:18.282Z [price-matrix] info: PriceMatrix destroyed
2026-01-13T23:00:18.283Z [price-matrix] info: PriceMatrix destroyed
2026-01-13T23:00:18.285Z [price-matrix] info: PriceMatrix initialized {"maxPairs":1000,"totalSlots":1100,"useSharedMemory":true}
2026-01-13T23:00:18.286Z [price-matrix] info: PriceMatrix destroyed
2026-01-13T23:00:18.287Z [price-matrix] info: PriceMatrix initialized {"maxPairs":1000,"totalSlots":1100,"useSharedMemory":true}
2026-01-13T23:00:18.288Z [price-matrix] info: PriceMatrix destroyed
2026-01-13T23:00:18.289Z [price-matrix] info: PriceMatrix initialized {"maxPairs":1000,"totalSlots":1100,"useSharedMemory":true}
2026-01-13T23:00:18.290Z [price-matrix] info: PriceMatrix destroyed
2026-01-13T23:00:18.291Z [price-matrix] info: PriceMatrix initialized {"maxPairs":1000,"totalSlots":1100,"useSharedMemory":true}
2026-01-13T23:00:18.292Z [price-matrix] info: PriceMatrix destroyed
2026-01-13T23:00:18.293Z [price-matrix] info: PriceMatrix initialized {"maxPairs":1000,"totalSlots":1100,"useSharedMemory":true}
2026-01-13T23:00:18.294Z [price-matrix] info: PriceMatrix destroyed
2026-01-13T23:00:18.295Z [price-matrix] info: PriceMatrix initialized {"maxPairs":1000,"totalSlots":1100,"useSharedMemory":true}
2026-01-13T23:00:18.296Z [price-matrix] info: PriceMatrix destroyed
2026-01-13T23:00:18.297Z [price-matrix] info: PriceMatrix initialized {"maxPairs":1000,"totalSlots":1100,"useSharedMemory":true}
2026-01-13T23:00:18.298Z [price-matrix] info: PriceMatrix destroyed
2026-01-13T23:00:18.299Z [price-matrix] info: PriceMatrix initialized {"maxPairs":1000,"totalSlots":1100,"useSharedMemory":true}
2026-01-13T23:00:18.299Z [price-matrix] info: PriceMatrix destroyed
2026-01-13T23:00:18.300Z [price-matrix] info: PriceMatrix initialized {"maxPairs":1000,"totalSlots":1100,"useSharedMemory":true}
2026-01-13T23:00:18.303Z [price-matrix] info: PriceMatrix destroyed
2026-01-13T23:00:18.304Z [price-matrix] info: PriceMatrix initialized {"maxPairs":1000,"totalSlots":1100,"useSharedMemory":true}
2026-01-13T23:00:18.305Z [price-matrix] info: PriceMatrix destroyed
2026-01-13T23:00:18.308Z [price-matrix] info: PriceMatrix initialized {"maxPairs":1000,"totalSlots":1100,"useSharedMemory":true}
2026-01-13T23:00:18.309Z [price-matrix] info: PriceMatrix initialized {"maxPairs":1000,"totalSlots":1100,"useSharedMemory":true}
2026-01-13T23:00:18.309Z [price-matrix] info: PriceMatrix destroyed
2026-01-13T23:00:18.310Z [price-matrix] info: PriceMatrix destroyed
2026-01-13T23:00:18.311Z [price-matrix] info: PriceMatrix initialized {"maxPairs":1000,"totalSlots":1100,"useSharedMemory":true}
2026-01-13T23:00:18.312Z [price-matrix] info: PriceMatrix destroyed
2026-01-13T23:00:18.313Z [price-matrix] info: PriceMatrix initialized {"maxPairs":1000,"totalSlots":1100,"useSharedMemory":true}
2026-01-13T23:00:18.314Z [price-matrix] info: PriceMatrix destroyed
2026-01-13T23:00:18.314Z [price-matrix] info: PriceMatrix initialized {"maxPairs":1000,"totalSlots":1100,"useSharedMemory":true}
2026-01-13T23:00:18.315Z [price-matrix] info: PriceMatrix destroyed
2026-01-13T23:00:18.317Z [price-matrix] info: PriceMatrix initialized {"maxPairs":1000,"totalSlots":1100,"useSharedMemory":true}
2026-01-13T23:00:18.326Z [price-matrix] info: PriceMatrix destroyed
2026-01-13T23:00:18.328Z [price-matrix] info: PriceMatrix initialized {"maxPairs":1000,"totalSlots":1100,"useSharedMemory":true}
2026-01-13T23:00:18.330Z [price-matrix] info: PriceMatrix destroyed
2026-01-13T23:00:18.332Z [price-matrix] info: PriceMatrix initialized {"maxPairs":1000,"totalSlots":1100,"useSharedMemory":true}
2026-01-13T23:00:18.335Z [price-matrix] info: PriceMatrix destroyed
2026-01-13T23:00:18.337Z [price-matrix] info: PriceMatrix initialized {"maxPairs":1000,"totalSlots":1100,"useSharedMemory":true}
2026-01-13T23:00:18.338Z [price-matrix] info: PriceMatrix destroyed
2026-01-13T23:00:18.341Z [price-matrix] info: PriceMatrix initialized {"maxPairs":1000,"totalSlots":1100,"useSharedMemory":true}
2026-01-13T23:00:18.342Z [price-matrix] info: PriceMatrix destroyed
2026-01-13T23:00:18.344Z [price-matrix] info: PriceMatrix initialized {"maxPairs":1000,"totalSlots":1100,"useSharedMemory":true}
2026-01-13T23:00:18.346Z [price-matrix] info: PriceMatrix destroyed
2026-01-13T23:00:18.347Z [price-matrix] info: PriceMatrix initialized {"maxPairs":1000,"totalSlots":1100,"useSharedMemory":true}
2026-01-13T23:00:18.349Z [price-matrix] info: PriceMatrix initialized {"maxPairs":10,"totalSlots":110,"useSharedMemory":true}
2026-01-13T23:00:18.350Z [price-matrix] warn: PriceMatrix maxPairs limit reached, ignoring new key {"key":"bsc:pancakeswap:0xpair0010"}
2026-01-13T23:00:18.351Z [price-matrix] warn: PriceMatrix maxPairs limit reached, ignoring new key {"key":"bsc:pancakeswap:0xpair0011"}
2026-01-13T23:00:18.351Z [price-matrix] warn: PriceMatrix maxPairs limit reached, ignoring new key {"key":"bsc:pancakeswap:0xpair0012"}
2026-01-13T23:00:18.352Z [price-matrix] warn: PriceMatrix maxPairs limit reached, ignoring new key {"key":"bsc:pancakeswap:0xpair0013"}
2026-01-13T23:00:18.354Z [price-matrix] warn: PriceMatrix maxPairs limit reached, ignoring new key {"key":"bsc:pancakeswap:0xpair0014"}
2026-01-13T23:00:18.355Z [price-matrix] warn: PriceMatrix maxPairs limit reached, ignoring new key {"key":"bsc:pancakeswap:0xpair0015"}
2026-01-13T23:00:18.356Z [price-matrix] warn: PriceMatrix maxPairs limit reached, ignoring new key {"key":"bsc:pancakeswap:0xpair0016"}
2026-01-13T23:00:18.357Z [price-matrix] warn: PriceMatrix maxPairs limit reached, ignoring new key {"key":"bsc:pancakeswap:0xpair0017"}
2026-01-13T23:00:18.358Z [price-matrix] warn: PriceMatrix maxPairs limit reached, ignoring new key {"key":"bsc:pancakeswap:0xpair0018"}
2026-01-13T23:00:18.359Z [price-matrix] warn: PriceMatrix maxPairs limit reached, ignoring new key {"key":"bsc:pancakeswap:0xpair0019"}
2026-01-13T23:00:18.360Z [price-matrix] info: PriceMatrix destroyed
2026-01-13T23:00:18.361Z [price-matrix] info: PriceMatrix destroyed
2026-01-13T23:00:18.363Z [price-matrix] info: PriceMatrix initialized {"maxPairs":1000,"totalSlots":1100,"useSharedMemory":true}
2026-01-13T23:00:18.364Z [price-matrix] info: PriceMatrix destroyed
2026-01-13T23:00:18.366Z [price-matrix] info: PriceMatrix initialized {"maxPairs":1000,"totalSlots":1100,"useSharedMemory":true}
2026-01-13T23:00:18.367Z [price-matrix] info: PriceMatrix destroyed
2026-01-13T23:00:18.370Z [price-matrix] info: PriceMatrix initialized {"maxPairs":1000,"totalSlots":1100,"useSharedMemory":true}
2026-01-13T23:00:18.371Z [price-matrix] info: PriceMatrix destroyed
2026-01-13T23:00:18.374Z [price-matrix] info: PriceMatrix initialized {"maxPairs":1000,"totalSlots":1100,"useSharedMemory":true}
2026-01-13T23:00:18.375Z [price-matrix] info: PriceMatrix destroyed
2026-01-13T23:00:18.377Z [price-matrix] info: PriceMatrix initialized {"maxPairs":1000,"totalSlots":1100,"useSharedMemory":true}
2026-01-13T23:00:18.379Z [price-matrix] info: PriceMatrix initialized {"maxPairs":1000,"totalSlots":1100,"useSharedMemory":true}
2026-01-13T23:00:18.380Z [price-matrix] info: PriceMatrix destroyed
2026-01-13T23:00:18.381Z [price-matrix] info: PriceMatrix destroyed
2026-01-13T23:00:18.383Z [price-matrix] info: PriceMatrix initialized {"maxPairs":1000,"totalSlots":1100,"useSharedMemory":true}
2026-01-13T23:00:18.384Z [price-matrix] info: PriceMatrix initialized {"maxPairs":1000,"totalSlots":1100,"useSharedMemory":true}
2026-01-13T23:00:18.385Z [price-matrix] info: PriceMatrix destroyed
2026-01-13T23:00:18.386Z [price-matrix] info: PriceMatrix initialized {"maxPairs":1000,"totalSlots":1100,"useSharedMemory":true}
2026-01-13T23:00:18.387Z [price-matrix] info: PriceMatrix destroyed
2026-01-13T23:00:18.389Z [price-matrix] warn: PriceIndexMapper: All slots used, using hash-based index (potential collision) {"key":"key10","hashIndex":2,"maxIndex":10}
2026-01-13T23:00:18.390Z [price-matrix] warn: PriceIndexMapper: All slots used, using hash-based index (potential collision) {"key":"key11","hashIndex":2,"maxIndex":10}
2026-01-13T23:00:18.390Z [price-matrix] warn: PriceIndexMapper: All slots used, using hash-based index (potential collision) {"key":"key12","hashIndex":0,"maxIndex":10}
2026-01-13T23:00:18.391Z [price-matrix] warn: PriceIndexMapper: All slots used, using hash-based index (potential collision) {"key":"key13","hashIndex":8,"maxIndex":10}
2026-01-13T23:00:18.392Z [price-matrix] warn: PriceIndexMapper: All slots used, using hash-based index (potential collision) {"key":"key14","hashIndex":6,"maxIndex":10}
2026-01-13T23:00:18.393Z [price-matrix] warn: PriceIndexMapper: All slots used, using hash-based index (potential collision) {"key":"key15","hashIndex":6,"maxIndex":10}
2026-01-13T23:00:18.394Z [price-matrix] warn: PriceIndexMapper: All slots used, using hash-based index (potential collision) {"key":"key16","hashIndex":4,"maxIndex":10}
2026-01-13T23:00:18.395Z [price-matrix] warn: PriceIndexMapper: All slots used, using hash-based index (potential collision) {"key":"key17","hashIndex":2,"maxIndex":10}
2026-01-13T23:00:18.395Z [price-matrix] warn: PriceIndexMapper: All slots used, using hash-based index (potential collision) {"key":"key18","hashIndex":0,"maxIndex":10}
2026-01-13T23:00:18.396Z [price-matrix] warn: PriceIndexMapper: All slots used, using hash-based index (potential collision) {"key":"key19","hashIndex":0,"maxIndex":10}
2026-01-13T23:00:18.400Z [price-matrix] info: PriceMatrix destroyed
2026-01-13T23:00:18.402Z [price-matrix] info: PriceMatrix initialized {"maxPairs":1000,"totalSlots":1100,"useSharedMemory":true}
2026-01-13T23:00:18.404Z [price-matrix] info: PriceMatrix destroyed
2026-01-13T23:00:18.408Z [price-matrix] info: PriceMatrix initialized {"maxPairs":1000,"totalSlots":1100,"useSharedMemory":true}
2026-01-13T23:00:18.418Z [price-matrix] info: PriceMatrix destroyed
2026-01-13T23:00:18.420Z [price-matrix] info: PriceMatrix initialized {"maxPairs":1000,"totalSlots":1100,"useSharedMemory":true}
2026-01-13T23:00:18.425Z [price-matrix] info: PriceMatrix destroyed
2026-01-13T23:00:18.427Z [price-matrix] info: PriceMatrix initialized {"maxPairs":1000,"totalSlots":1100,"useSharedMemory":true}
2026-01-13T23:00:18.431Z [price-matrix] info: PriceMatrix destroyed
2026-01-13T23:00:18.432Z [price-matrix] info: PriceMatrix initialized {"maxPairs":1000,"totalSlots":1100,"useSharedMemory":true}
2026-01-13T23:00:18.435Z [price-matrix] info: PriceMatrix destroyed
2026-01-13T23:00:18.437Z [price-matrix] info: PriceMatrix initialized {"maxPairs":1000,"totalSlots":1100,"useSharedMemory":true}
2026-01-13T23:00:18.449Z [price-matrix] info: PriceMatrix destroyed
2026-01-13T23:00:18.451Z [price-matrix] info: PriceMatrix initialized {"maxPairs":1000,"totalSlots":1100,"useSharedMemory":true}
2026-01-13T23:00:18.452Z [price-matrix] info: PriceMatrix destroyed
2026-01-13T23:00:18.453Z [price-matrix] info: PriceMatrix initialized {"maxPairs":1000,"totalSlots":1100,"useSharedMemory":true}
2026-01-13T23:00:18.453Z [price-matrix] info: PriceMatrix destroyed
2026-01-13T23:00:18.455Z [price-matrix] info: PriceMatrix initialized {"maxPairs":1000,"totalSlots":1100,"useSharedMemory":true}
2026-01-13T23:00:18.456Z [price-matrix] info: PriceMatrix destroyed
2026-01-13T23:00:18.457Z [price-matrix] info: PriceMatrix initialized {"maxPairs":1000,"totalSlots":1100,"useSharedMemory":true}
2026-01-13T23:00:18.458Z [price-matrix] info: PriceMatrix destroyed
2026-01-13T23:00:18.459Z [price-matrix] info: PriceMatrix initialized {"maxPairs":1000,"totalSlots":1100,"useSharedMemory":true}
2026-01-13T23:00:18.460Z [price-matrix] info: PriceMatrix destroyed
2026-01-13T23:00:18.461Z [price-matrix] info: PriceMatrix initialized {"maxPairs":1000,"totalSlots":1100,"useSharedMemory":true}
2026-01-13T23:00:18.461Z [price-matrix] info: PriceMatrix destroyed
2026-01-13T23:00:18.463Z [price-matrix] info: PriceMatrix initialized {"maxPairs":1000,"totalSlots":1100,"useSharedMemory":true}
2026-01-13T23:00:18.463Z [price-matrix] info: PriceMatrix destroyed
2026-01-13T23:00:18.464Z [price-matrix] info: PriceMatrix initialized {"maxPairs":1000,"totalSlots":1100,"useSharedMemory":true}
2026-01-13T23:00:18.465Z [price-matrix] info: PriceMatrix destroyed
2026-01-13T23:00:18.466Z [price-matrix] info: PriceMatrix initialized {"maxPairs":1000,"totalSlots":1100,"useSharedMemory":true}
2026-01-13T23:00:18.467Z [price-matrix] info: PriceMatrix destroyed
2026-01-13T23:00:18.467Z [price-matrix] warn: setPrice called on destroyed PriceMatrix
2026-01-13T23:00:18.470Z [price-matrix] info: PriceMatrix initialized {"maxPairs":1000,"totalSlots":1100,"useSharedMemory":true}
2026-01-13T23:00:18.470Z [price-matrix] info: PriceMatrix destroyed
2026-01-13T23:00:18.471Z [price-matrix] info: PriceMatrix initialized {"maxPairs":1000,"totalSlots":1100,"useSharedMemory":true}
2026-01-13T23:00:18.472Z [price-matrix] info: PriceMatrix destroyed
2026-01-13T23:00:18.476Z [price-matrix] info: PriceMatrix initialized {"maxPairs":1000,"totalSlots":1100,"useSharedMemory":true}
2026-01-13T23:00:18.504Z [price-matrix] info: PriceMatrix destroyed
2026-01-13T23:00:18.506Z [price-matrix] info: PriceMatrix initialized {"maxPairs":1000,"totalSlots":1100,"useSharedMemory":true}
2026-01-13T23:00:18.509Z [price-matrix] info: PriceMatrix destroyed
2026-01-13T23:00:18.511Z [price-matrix] info: PriceMatrix initialized {"maxPairs":1000,"totalSlots":1100,"useSharedMemory":true}
2026-01-13T23:00:18.512Z [price-matrix] info: PriceMatrix initialized {"maxPairs":1000,"totalSlots":1000,"useSharedMemory":true}
2026-01-13T23:00:18.513Z [price-matrix] info: PriceMatrix destroyed
2026-01-13T23:00:18.514Z [price-matrix] info: PriceMatrix destroyed
2026-01-13T23:00:18.516Z [price-matrix] info: PriceMatrix initialized {"maxPairs":1000,"totalSlots":1100,"useSharedMemory":true}
2026-01-13T23:00:18.518Z [price-matrix] info: PriceMatrix destroyed
2026-01-13T23:00:18.519Z [price-matrix] info: PriceMatrix initialized {"maxPairs":1000,"totalSlots":1100,"useSharedMemory":true}
2026-01-13T23:00:18.520Z [price-matrix] info: PriceMatrix destroyed
