2026-01-13T23:00:28.017Z [redis-client] info: Disconnecting Redis clients
2026-01-13T23:00:28.032Z [redis-client] info: Disconnecting Redis clients
2026-01-13T23:00:28.033Z [redis-client] info: Disconnecting Redis clients
2026-01-13T23:00:28.039Z [redis-client] info: Disconnecting Redis clients
2026-01-13T23:00:28.026Z [redis-client] info: Disconnecting Redis clients
2026-01-13T23:00:28.042Z [redis-client] info: Disconnecting Redis clients
2026-01-13T23:00:28.046Z [redis-client] info: Disconnecting Redis clients
2026-01-13T23:00:28.050Z [redis-client] error: Error publishing message {"error":{},"channel":"test"}
2026-01-13T23:00:28.073Z [redis-client] info: Disconnecting Redis clients
2026-01-13T23:00:28.079Z [redis-client] warn: Already subscribed to channel test-channel, replacing callback
2026-01-13T23:00:28.083Z [redis-client] info: Disconnecting Redis clients
2026-01-13T23:00:28.090Z [redis-client] info: Disconnecting Redis clients
2026-01-13T23:00:28.087Z [redis-client] info: Disconnecting Redis clients
2026-01-13T23:00:28.097Z [redis-client] info: Disconnecting Redis clients
2026-01-13T23:00:28.100Z [redis-client] error: Error getting cache {"error":{}}
2026-01-13T23:00:28.104Z [redis-client] info: Disconnecting Redis clients
2026-01-13T23:00:28.109Z [redis-client] info: Disconnecting Redis clients
2026-01-13T23:00:28.113Z [redis-client] info: Disconnecting Redis clients
2026-01-13T23:00:28.117Z [redis-client] info: Disconnecting Redis clients
2026-01-13T23:00:28.121Z [redis-client] info: Disconnecting Redis clients
2026-01-13T23:00:28.125Z [redis-client] info: Disconnecting Redis clients
2026-01-13T23:00:28.139Z [redis-client] info: Disconnecting Redis clients
2026-01-13T23:00:28.023Z [redis-client] info: Redis clients disconnected successfully
2026-01-13T23:00:28.150Z [redis-client] error: Error subscribing to channel {"error":{},"channel":"test-channel"}
2026-01-13T23:00:28.145Z [redis-client] error: Error getting cache {"error":{}}
2026-01-13T23:00:28.032Z [redis-client] info: Redis clients disconnected successfully
2026-01-13T23:00:28.036Z [redis-client] info: Redis clients disconnected successfully
2026-01-13T23:00:28.041Z [redis-client] info: Redis clients disconnected successfully
2026-01-13T23:00:28.026Z [redis-client] info: Redis clients disconnected successfully
2026-01-13T23:00:28.046Z [redis-client] info: Redis clients disconnected successfully
2026-01-13T23:00:28.069Z [redis-client] info: Disconnecting Redis clients
2026-01-13T23:00:28.070Z [redis-client] info: Redis clients disconnected successfully
2026-01-13T23:00:28.079Z [redis-client] info: Disconnecting Redis clients
2026-01-13T23:00:28.074Z [redis-client] info: Redis clients disconnected successfully
2026-01-13T23:00:28.080Z [redis-client] info: Redis clients disconnected successfully
2026-01-13T23:00:28.084Z [redis-client] info: Redis clients disconnected successfully
2026-01-13T23:00:28.091Z [redis-client] info: Redis clients disconnected successfully
2026-01-13T23:00:28.087Z [redis-client] info: Redis clients disconnected successfully
2026-01-13T23:00:28.098Z [redis-client] info: Redis clients disconnected successfully
2026-01-13T23:00:28.101Z [redis-client] info: Disconnecting Redis clients
2026-01-13T23:00:28.105Z [redis-client] info: Redis clients disconnected successfully
2026-01-13T23:00:28.101Z [redis-client] info: Redis clients disconnected successfully
2026-01-13T23:00:28.114Z [redis-client] info: Redis clients disconnected successfully
2026-01-13T23:00:28.110Z [redis-client] info: Redis clients disconnected successfully
2026-01-13T23:00:28.121Z [redis-client] info: Redis clients disconnected successfully
2026-01-13T23:00:28.117Z [redis-client] info: Redis clients disconnected successfully
2026-01-13T23:00:28.126Z [redis-client] info: Redis clients disconnected successfully
2026-01-13T23:00:28.141Z [redis-client] info: Redis clients disconnected successfully
2026-01-13T23:00:28.126Z [redis-client] info: Disconnecting Redis clients
2026-01-13T23:00:28.142Z [redis-client] info: Disconnecting Redis clients
2026-01-13T23:00:28.127Z [redis-client] info: Redis clients disconnected successfully
2026-01-13T23:00:28.151Z [redis-client] info: Disconnecting Redis clients
2026-01-13T23:00:28.146Z [redis-client] info: Disconnecting Redis clients
2026-01-13T23:00:28.152Z [redis-client] info: Redis clients disconnected successfully
2026-01-13T23:00:28.146Z [redis-client] info: Redis clients disconnected successfully
2026-01-13T23:00:28.142Z [redis-client] info: Redis clients disconnected successfully
2026-01-13T23:00:28.045Z [redis-client] info: Redis clients disconnected successfully
2026-01-13T23:00:28.094Z [redis-client] info: Disconnecting Redis clients
2026-01-13T23:00:28.095Z [redis-client] info: Redis clients disconnected successfully
